INFO - 2026-07-17 05:45:49 --> CSRF token verified.
CRITICAL - 2026-07-17 05:45:49 --> CodeIgniter\Exceptions\CriticalError: The required PHP extension "pgsql" is not loaded. Install and enable it to use "Postgre" driver.
[Method: POST, Route: login]
in SYSTEMPATH\Database\Database.php on line 186.
 1 SYSTEMPATH\Database\Database.php(59): CodeIgniter\Database\Database->checkDbExtension('Postgre')
 2 SYSTEMPATH\Database\Config.php(82): CodeIgniter\Database\Database->load([...], 'default')
 3 SYSTEMPATH\Model.php(152): CodeIgniter\Database\Config::connect('default')
 4 APPPATH\Controllers\Auth.php(23): CodeIgniter\Model->__construct()
 5 SYSTEMPATH\CodeIgniter.php(974): App\Controllers\Auth->attempt()
 6 SYSTEMPATH\CodeIgniter.php(520): CodeIgniter\CodeIgniter->runController(Object(App\Controllers\Auth))
 7 SYSTEMPATH\CodeIgniter.php(363): CodeIgniter\CodeIgniter->handleRequest(null, Object(Config\Cache), false)
 8 SYSTEMPATH\Boot.php(417): CodeIgniter\CodeIgniter->run()
 9 SYSTEMPATH\Boot.php(68): CodeIgniter\Boot::runCodeIgniter(Object(CodeIgniter\CodeIgniter))
10 FCPATH\index.php(59): CodeIgniter\Boot::bootWeb(Object(Config\Paths))
11 SYSTEMPATH\rewrite.php(44): require_once('C:\\Users\\Kenneth Balantucas\\Downloads\\hris-codeigniter4-docker\\hris\\public\\index.php')
DEBUG - 2026-07-17 05:45:51 --> Session: Class initialized using 'CodeIgniter\Session\Handlers\FileHandler' driver.
INFO - 2026-07-17 05:46:08 --> CSRF token verified.
CRITICAL - 2026-07-17 05:46:08 --> CodeIgniter\Exceptions\CriticalError: The required PHP extension "pgsql" is not loaded. Install and enable it to use "Postgre" driver.
[Method: POST, Route: login]
in SYSTEMPATH\Database\Database.php on line 186.
 1 SYSTEMPATH\Database\Database.php(59): CodeIgniter\Database\Database->checkDbExtension('Postgre')
 2 SYSTEMPATH\Database\Config.php(82): CodeIgniter\Database\Database->load([...], 'default')
 3 SYSTEMPATH\Model.php(152): CodeIgniter\Database\Config::connect('default')
 4 APPPATH\Controllers\Auth.php(23): CodeIgniter\Model->__construct()
 5 SYSTEMPATH\CodeIgniter.php(974): App\Controllers\Auth->attempt()
 6 SYSTEMPATH\CodeIgniter.php(520): CodeIgniter\CodeIgniter->runController(Object(App\Controllers\Auth))
 7 SYSTEMPATH\CodeIgniter.php(363): CodeIgniter\CodeIgniter->handleRequest(null, Object(Config\Cache), false)
 8 SYSTEMPATH\Boot.php(417): CodeIgniter\CodeIgniter->run()
 9 SYSTEMPATH\Boot.php(68): CodeIgniter\Boot::runCodeIgniter(Object(CodeIgniter\CodeIgniter))
10 FCPATH\index.php(59): CodeIgniter\Boot::bootWeb(Object(Config\Paths))
11 SYSTEMPATH\rewrite.php(44): require_once('C:\\Users\\Kenneth Balantucas\\Downloads\\hris-codeigniter4-docker\\hris\\public\\index.php')
INFO - 2026-07-17 05:49:22 --> CSRF token verified.
CRITICAL - 2026-07-17 05:49:22 --> CodeIgniter\Exceptions\CriticalError: The required PHP extension "pgsql" is not loaded. Install and enable it to use "Postgre" driver.
[Method: POST, Route: login]
in SYSTEMPATH\Database\Database.php on line 186.
 1 SYSTEMPATH\Database\Database.php(59): CodeIgniter\Database\Database->checkDbExtension('Postgre')
 2 SYSTEMPATH\Database\Config.php(82): CodeIgniter\Database\Database->load([...], 'default')
 3 SYSTEMPATH\Model.php(152): CodeIgniter\Database\Config::connect('default')
 4 APPPATH\Controllers\Auth.php(23): CodeIgniter\Model->__construct()
 5 SYSTEMPATH\CodeIgniter.php(974): App\Controllers\Auth->attempt()
 6 SYSTEMPATH\CodeIgniter.php(520): CodeIgniter\CodeIgniter->runController(Object(App\Controllers\Auth))
 7 SYSTEMPATH\CodeIgniter.php(363): CodeIgniter\CodeIgniter->handleRequest(null, Object(Config\Cache), false)
 8 SYSTEMPATH\Boot.php(417): CodeIgniter\CodeIgniter->run()
 9 SYSTEMPATH\Boot.php(68): CodeIgniter\Boot::runCodeIgniter(Object(CodeIgniter\CodeIgniter))
10 FCPATH\index.php(59): CodeIgniter\Boot::bootWeb(Object(Config\Paths))
11 SYSTEMPATH\rewrite.php(44): require_once('C:\\Users\\Kenneth Balantucas\\Downloads\\hris-codeigniter4-docker\\hris\\public\\index.php')
DEBUG - 2026-07-17 05:49:27 --> Session: Class initialized using 'CodeIgniter\Session\Handlers\FileHandler' driver.
DEBUG - 2026-07-17 05:49:27 --> Session: Class initialized using 'CodeIgniter\Session\Handlers\FileHandler' driver.
INFO - 2026-07-17 05:49:35 --> CSRF token verified.
CRITICAL - 2026-07-17 05:49:35 --> CodeIgniter\Exceptions\CriticalError: The required PHP extension "pgsql" is not loaded. Install and enable it to use "Postgre" driver.
[Method: POST, Route: login]
in SYSTEMPATH\Database\Database.php on line 186.
 1 SYSTEMPATH\Database\Database.php(59): CodeIgniter\Database\Database->checkDbExtension('Postgre')
 2 SYSTEMPATH\Database\Config.php(82): CodeIgniter\Database\Database->load([...], 'default')
 3 SYSTEMPATH\Model.php(152): CodeIgniter\Database\Config::connect('default')
 4 APPPATH\Controllers\Auth.php(23): CodeIgniter\Model->__construct()
 5 SYSTEMPATH\CodeIgniter.php(974): App\Controllers\Auth->attempt()
 6 SYSTEMPATH\CodeIgniter.php(520): CodeIgniter\CodeIgniter->runController(Object(App\Controllers\Auth))
 7 SYSTEMPATH\CodeIgniter.php(363): CodeIgniter\CodeIgniter->handleRequest(null, Object(Config\Cache), false)
 8 SYSTEMPATH\Boot.php(417): CodeIgniter\CodeIgniter->run()
 9 SYSTEMPATH\Boot.php(68): CodeIgniter\Boot::runCodeIgniter(Object(CodeIgniter\CodeIgniter))
10 FCPATH\index.php(59): CodeIgniter\Boot::bootWeb(Object(Config\Paths))
11 SYSTEMPATH\rewrite.php(44): require_once('C:\\Users\\Kenneth Balantucas\\Downloads\\hris-codeigniter4-docker\\hris\\public\\index.php')
DEBUG - 2026-07-17 05:49:51 --> Session: Class initialized using 'CodeIgniter\Session\Handlers\FileHandler' driver.
DEBUG - 2026-07-17 05:49:52 --> Session: Class initialized using 'CodeIgniter\Session\Handlers\FileHandler' driver.
DEBUG - 2026-07-17 05:49:54 --> Session: Class initialized using 'CodeIgniter\Session\Handlers\FileHandler' driver.
DEBUG - 2026-07-17 05:49:54 --> Session: Class initialized using 'CodeIgniter\Session\Handlers\FileHandler' driver.
INFO - 2026-07-17 05:50:02 --> CSRF token verified.
ERROR - 2026-07-17 05:50:02 --> Error connecting to the database: ErrorException: pg_connect(): Unable to connect to PostgreSQL server: connection to server at &quot;localhost&quot; (::1), port 5432 failed: FATAL:  password authentication failed for user &quot;postgres&quot; in C:\Users\Kenneth Balantucas\Downloads\hris-codeigniter4-docker\hris\system\Database\Postgre\Connection.php:78
Stack trace:
#0 [internal function]: CodeIgniter\Debug\Exceptions->errorHandler(2, 'pg_connect(): U...', 'C:\\Users\\Kennet...', 78)
#1 C:\Users\Kenneth Balantucas\Downloads\hris-codeigniter4-docker\hris\system\Database\Postgre\Connection.php(78): pg_connect('host=localhost ...')
#2 C:\Users\Kenneth Balantucas\Downloads\hris-codeigniter4-docker\hris\system\Database\BaseConnection.php(555): CodeIgniter\Database\Postgre\Connection->connect(false)
#3 C:\Users\Kenneth Balantucas\Downloads\hris-codeigniter4-docker\hris\system\Database\BaseConnection.php(795): CodeIgniter\Database\BaseConnection->initialize()
#4 C:\Users\Kenneth Balantucas\Downloads\hris-codeigniter4-docker\hris\system\Database\BaseBuilder.php(1659): CodeIgniter\Database\BaseConnection->query('SELECT *\nFROM "...', Array, false)
#5 C:\Users\Kenneth Balantucas\Downloads\hris-codeigniter4-docker\hris\system\Model.php(297): CodeIgniter\Database\BaseBuilder->get()
#6 C:\Users\Kenneth Balantucas\Downloads\hris-codeigniter4-docker\hris\system\BaseModel.php(714): CodeIgniter\Model->doFirst()
#7 C:\Users\Kenneth Balantucas\Downloads\hris-codeigniter4-docker\hris\app\Models\UserModel.php(16): CodeIgniter\BaseModel->first()
#8 C:\Users\Kenneth Balantucas\Downloads\hris-codeigniter4-docker\hris\app\Controllers\Auth.php(23): App\Models\UserModel->findByEmail('admin@hris.test')
#9 C:\Users\Kenneth Balantucas\Downloads\hris-codeigniter4-docker\hris\system\CodeIgniter.php(974): App\Controllers\Auth->attempt()
#10 C:\Users\Kenneth Balantucas\Downloads\hris-codeigniter4-docker\hris\system\CodeIgniter.php(520): CodeIgniter\CodeIgniter->runController(Object(App\Controllers\Auth))
#11 C:\Users\Kenneth Balantucas\Downloads\hris-codeigniter4-docker\hris\system\CodeIgniter.php(363): CodeIgniter\CodeIgniter->handleRequest(NULL, Object(Config\Cache), false)
#12 C:\Users\Kenneth Balantucas\Downloads\hris-codeigniter4-docker\hris\system\Boot.php(417): CodeIgniter\CodeIgniter->run()
#13 C:\Users\Kenneth Balantucas\Downloads\hris-codeigniter4-docker\hris\system\Boot.php(68): CodeIgniter\Boot::runCodeIgniter(Object(CodeIgniter\CodeIgniter))
#14 C:\Users\Kenneth Balantucas\Downloads\hris-codeigniter4-docker\hris\public\index.php(59): CodeIgniter\Boot::bootWeb(Object(Config\Paths))
#15 C:\Users\Kenneth Balantucas\Downloads\hris-codeigniter4-docker\hris\system\rewrite.php(44): require_once('C:\\Users\\Kennet...')
#16 {main}
CRITICAL - 2026-07-17 05:50:02 --> CodeIgniter\Database\Exceptions\DatabaseException: Unable to connect to the database.
Main connection [Postgre]: pg_connect(): Unable to connect to PostgreSQL server: connection to server at &quot;localhost&quot; (::1), port 5432 failed: FATAL:  password authentication failed for user &quot;postgres&quot;
[Method: POST, Route: login]
in SYSTEMPATH\Database\BaseConnection.php on line 606.
 1 SYSTEMPATH\Database\BaseConnection.php(795): CodeIgniter\Database\BaseConnection->initialize()
 2 SYSTEMPATH\Database\BaseBuilder.php(1659): CodeIgniter\Database\BaseConnection->query('SELECT *
FROM "users"
WHERE "email" = :email:
 LIMIT 1', [...], false)
 3 SYSTEMPATH\Model.php(297): CodeIgniter\Database\BaseBuilder->get()
 4 SYSTEMPATH\BaseModel.php(714): CodeIgniter\Model->doFirst()
 5 APPPATH\Models\UserModel.php(16): CodeIgniter\BaseModel->first()
 6 APPPATH\Controllers\Auth.php(23): App\Models\UserModel->findByEmail('admin@hris.test')
 7 SYSTEMPATH\CodeIgniter.php(974): App\Controllers\Auth->attempt()
 8 SYSTEMPATH\CodeIgniter.php(520): CodeIgniter\CodeIgniter->runController(Object(App\Controllers\Auth))
 9 SYSTEMPATH\CodeIgniter.php(363): CodeIgniter\CodeIgniter->handleRequest(null, Object(Config\Cache), false)
10 SYSTEMPATH\Boot.php(417): CodeIgniter\CodeIgniter->run()
11 SYSTEMPATH\Boot.php(68): CodeIgniter\Boot::runCodeIgniter(Object(CodeIgniter\CodeIgniter))
12 FCPATH\index.php(59): CodeIgniter\Boot::bootWeb(Object(Config\Paths))
13 SYSTEMPATH\rewrite.php(44): require_once('C:\\Users\\Kenneth Balantucas\\Downloads\\hris-codeigniter4-docker\\hris\\public\\index.php')
INFO - 2026-07-17 05:50:53 --> CSRF token verified.
ERROR - 2026-07-17 05:50:53 --> Error connecting to the database: ErrorException: pg_connect(): Unable to connect to PostgreSQL server: connection to server at &quot;localhost&quot; (::1), port 5432 failed: FATAL:  database &quot;hris&quot; does not exist in C:\Users\Kenneth Balantucas\Downloads\hris-codeigniter4-docker\hris\system\Database\Postgre\Connection.php:78
Stack trace:
#0 [internal function]: CodeIgniter\Debug\Exceptions->errorHandler(2, 'pg_connect(): U...', 'C:\\Users\\Kennet...', 78)
#1 C:\Users\Kenneth Balantucas\Downloads\hris-codeigniter4-docker\hris\system\Database\Postgre\Connection.php(78): pg_connect('host=localhost ...')
#2 C:\Users\Kenneth Balantucas\Downloads\hris-codeigniter4-docker\hris\system\Database\BaseConnection.php(555): CodeIgniter\Database\Postgre\Connection->connect(false)
#3 C:\Users\Kenneth Balantucas\Downloads\hris-codeigniter4-docker\hris\system\Database\BaseConnection.php(795): CodeIgniter\Database\BaseConnection->initialize()
#4 C:\Users\Kenneth Balantucas\Downloads\hris-codeigniter4-docker\hris\system\Database\BaseBuilder.php(1659): CodeIgniter\Database\BaseConnection->query('SELECT *\nFROM "...', Array, false)
#5 C:\Users\Kenneth Balantucas\Downloads\hris-codeigniter4-docker\hris\system\Model.php(297): CodeIgniter\Database\BaseBuilder->get()
#6 C:\Users\Kenneth Balantucas\Downloads\hris-codeigniter4-docker\hris\system\BaseModel.php(714): CodeIgniter\Model->doFirst()
#7 C:\Users\Kenneth Balantucas\Downloads\hris-codeigniter4-docker\hris\app\Models\UserModel.php(16): CodeIgniter\BaseModel->first()
#8 C:\Users\Kenneth Balantucas\Downloads\hris-codeigniter4-docker\hris\app\Controllers\Auth.php(23): App\Models\UserModel->findByEmail('admin@hris.test')
#9 C:\Users\Kenneth Balantucas\Downloads\hris-codeigniter4-docker\hris\system\CodeIgniter.php(974): App\Controllers\Auth->attempt()
#10 C:\Users\Kenneth Balantucas\Downloads\hris-codeigniter4-docker\hris\system\CodeIgniter.php(520): CodeIgniter\CodeIgniter->runController(Object(App\Controllers\Auth))
#11 C:\Users\Kenneth Balantucas\Downloads\hris-codeigniter4-docker\hris\system\CodeIgniter.php(363): CodeIgniter\CodeIgniter->handleRequest(NULL, Object(Config\Cache), false)
#12 C:\Users\Kenneth Balantucas\Downloads\hris-codeigniter4-docker\hris\system\Boot.php(417): CodeIgniter\CodeIgniter->run()
#13 C:\Users\Kenneth Balantucas\Downloads\hris-codeigniter4-docker\hris\system\Boot.php(68): CodeIgniter\Boot::runCodeIgniter(Object(CodeIgniter\CodeIgniter))
#14 C:\Users\Kenneth Balantucas\Downloads\hris-codeigniter4-docker\hris\public\index.php(59): CodeIgniter\Boot::bootWeb(Object(Config\Paths))
#15 C:\Users\Kenneth Balantucas\Downloads\hris-codeigniter4-docker\hris\system\rewrite.php(44): require_once('C:\\Users\\Kennet...')
#16 {main}
CRITICAL - 2026-07-17 05:50:53 --> CodeIgniter\Database\Exceptions\DatabaseException: Unable to connect to the database.
Main connection [Postgre]: pg_connect(): Unable to connect to PostgreSQL server: connection to server at &quot;localhost&quot; (::1), port 5432 failed: FATAL:  database &quot;hris&quot; does not exist
[Method: POST, Route: login]
in SYSTEMPATH\Database\BaseConnection.php on line 606.
 1 SYSTEMPATH\Database\BaseConnection.php(795): CodeIgniter\Database\BaseConnection->initialize()
 2 SYSTEMPATH\Database\BaseBuilder.php(1659): CodeIgniter\Database\BaseConnection->query('SELECT *
FROM "users"
WHERE "email" = :email:
 LIMIT 1', [...], false)
 3 SYSTEMPATH\Model.php(297): CodeIgniter\Database\BaseBuilder->get()
 4 SYSTEMPATH\BaseModel.php(714): CodeIgniter\Model->doFirst()
 5 APPPATH\Models\UserModel.php(16): CodeIgniter\BaseModel->first()
 6 APPPATH\Controllers\Auth.php(23): App\Models\UserModel->findByEmail('admin@hris.test')
 7 SYSTEMPATH\CodeIgniter.php(974): App\Controllers\Auth->attempt()
 8 SYSTEMPATH\CodeIgniter.php(520): CodeIgniter\CodeIgniter->runController(Object(App\Controllers\Auth))
 9 SYSTEMPATH\CodeIgniter.php(363): CodeIgniter\CodeIgniter->handleRequest(null, Object(Config\Cache), false)
10 SYSTEMPATH\Boot.php(417): CodeIgniter\CodeIgniter->run()
11 SYSTEMPATH\Boot.php(68): CodeIgniter\Boot::runCodeIgniter(Object(CodeIgniter\CodeIgniter))
12 FCPATH\index.php(59): CodeIgniter\Boot::bootWeb(Object(Config\Paths))
13 SYSTEMPATH\rewrite.php(44): require_once('C:\\Users\\Kenneth Balantucas\\Downloads\\hris-codeigniter4-docker\\hris\\public\\index.php')
INFO - 2026-07-17 05:53:14 --> CSRF token verified.
ERROR - 2026-07-17 05:53:14 --> Error connecting to the database: ErrorException: pg_connect(): Unable to connect to PostgreSQL server: connection to server at &quot;localhost&quot; (::1), port 5432 failed: FATAL:  database &quot;hris&quot; does not exist in C:\Users\Kenneth Balantucas\Downloads\hris-codeigniter4-docker\hris\system\Database\Postgre\Connection.php:78
Stack trace:
#0 [internal function]: CodeIgniter\Debug\Exceptions->errorHandler(2, 'pg_connect(): U...', 'C:\\Users\\Kennet...', 78)
#1 C:\Users\Kenneth Balantucas\Downloads\hris-codeigniter4-docker\hris\system\Database\Postgre\Connection.php(78): pg_connect('host=localhost ...')
#2 C:\Users\Kenneth Balantucas\Downloads\hris-codeigniter4-docker\hris\system\Database\BaseConnection.php(555): CodeIgniter\Database\Postgre\Connection->connect(false)
#3 C:\Users\Kenneth Balantucas\Downloads\hris-codeigniter4-docker\hris\system\Database\BaseConnection.php(795): CodeIgniter\Database\BaseConnection->initialize()
#4 C:\Users\Kenneth Balantucas\Downloads\hris-codeigniter4-docker\hris\system\Database\BaseBuilder.php(1659): CodeIgniter\Database\BaseConnection->query('SELECT *\nFROM "...', Array, false)
#5 C:\Users\Kenneth Balantucas\Downloads\hris-codeigniter4-docker\hris\system\Model.php(297): CodeIgniter\Database\BaseBuilder->get()
#6 C:\Users\Kenneth Balantucas\Downloads\hris-codeigniter4-docker\hris\system\BaseModel.php(714): CodeIgniter\Model->doFirst()
#7 C:\Users\Kenneth Balantucas\Downloads\hris-codeigniter4-docker\hris\app\Models\UserModel.php(16): CodeIgniter\BaseModel->first()
#8 C:\Users\Kenneth Balantucas\Downloads\hris-codeigniter4-docker\hris\app\Controllers\Auth.php(23): App\Models\UserModel->findByEmail('admin@hris.test')
#9 C:\Users\Kenneth Balantucas\Downloads\hris-codeigniter4-docker\hris\system\CodeIgniter.php(974): App\Controllers\Auth->attempt()
#10 C:\Users\Kenneth Balantucas\Downloads\hris-codeigniter4-docker\hris\system\CodeIgniter.php(520): CodeIgniter\CodeIgniter->runController(Object(App\Controllers\Auth))
#11 C:\Users\Kenneth Balantucas\Downloads\hris-codeigniter4-docker\hris\system\CodeIgniter.php(363): CodeIgniter\CodeIgniter->handleRequest(NULL, Object(Config\Cache), false)
#12 C:\Users\Kenneth Balantucas\Downloads\hris-codeigniter4-docker\hris\system\Boot.php(417): CodeIgniter\CodeIgniter->run()
#13 C:\Users\Kenneth Balantucas\Downloads\hris-codeigniter4-docker\hris\system\Boot.php(68): CodeIgniter\Boot::runCodeIgniter(Object(CodeIgniter\CodeIgniter))
#14 C:\Users\Kenneth Balantucas\Downloads\hris-codeigniter4-docker\hris\public\index.php(59): CodeIgniter\Boot::bootWeb(Object(Config\Paths))
#15 C:\Users\Kenneth Balantucas\Downloads\hris-codeigniter4-docker\hris\system\rewrite.php(44): require_once('C:\\Users\\Kennet...')
#16 {main}
CRITICAL - 2026-07-17 05:53:14 --> CodeIgniter\Database\Exceptions\DatabaseException: Unable to connect to the database.
Main connection [Postgre]: pg_connect(): Unable to connect to PostgreSQL server: connection to server at &quot;localhost&quot; (::1), port 5432 failed: FATAL:  database &quot;hris&quot; does not exist
[Method: POST, Route: login]
in SYSTEMPATH\Database\BaseConnection.php on line 606.
 1 SYSTEMPATH\Database\BaseConnection.php(795): CodeIgniter\Database\BaseConnection->initialize()
 2 SYSTEMPATH\Database\BaseBuilder.php(1659): CodeIgniter\Database\BaseConnection->query('SELECT *
FROM "users"
WHERE "email" = :email:
 LIMIT 1', [...], false)
 3 SYSTEMPATH\Model.php(297): CodeIgniter\Database\BaseBuilder->get()
 4 SYSTEMPATH\BaseModel.php(714): CodeIgniter\Model->doFirst()
 5 APPPATH\Models\UserModel.php(16): CodeIgniter\BaseModel->first()
 6 APPPATH\Controllers\Auth.php(23): App\Models\UserModel->findByEmail('admin@hris.test')
 7 SYSTEMPATH\CodeIgniter.php(974): App\Controllers\Auth->attempt()
 8 SYSTEMPATH\CodeIgniter.php(520): CodeIgniter\CodeIgniter->runController(Object(App\Controllers\Auth))
 9 SYSTEMPATH\CodeIgniter.php(363): CodeIgniter\CodeIgniter->handleRequest(null, Object(Config\Cache), false)
10 SYSTEMPATH\Boot.php(417): CodeIgniter\CodeIgniter->run()
11 SYSTEMPATH\Boot.php(68): CodeIgniter\Boot::runCodeIgniter(Object(CodeIgniter\CodeIgniter))
12 FCPATH\index.php(59): CodeIgniter\Boot::bootWeb(Object(Config\Paths))
13 SYSTEMPATH\rewrite.php(44): require_once('C:\\Users\\Kenneth Balantucas\\Downloads\\hris-codeigniter4-docker\\hris\\public\\index.php')
DEBUG - 2026-07-17 05:55:27 --> Session: Class initialized using 'CodeIgniter\Session\Handlers\FileHandler' driver.
DEBUG - 2026-07-17 05:55:27 --> Session: Class initialized using 'CodeIgniter\Session\Handlers\FileHandler' driver.
INFO - 2026-07-17 05:55:36 --> CSRF token verified.
DEBUG - 2026-07-17 05:55:37 --> Session: Class initialized using 'CodeIgniter\Session\Handlers\FileHandler' driver.
DEBUG - 2026-07-17 05:55:37 --> Session: Class initialized using 'CodeIgniter\Session\Handlers\FileHandler' driver.
DEBUG - 2026-07-17 05:55:39 --> Session: Class initialized using 'CodeIgniter\Session\Handlers\FileHandler' driver.
DEBUG - 2026-07-17 05:55:41 --> Session: Class initialized using 'CodeIgniter\Session\Handlers\FileHandler' driver.
DEBUG - 2026-07-17 05:55:51 --> Session: Class initialized using 'CodeIgniter\Session\Handlers\FileHandler' driver.
DEBUG - 2026-07-17 05:55:54 --> Session: Class initialized using 'CodeIgniter\Session\Handlers\FileHandler' driver.
INFO - 2026-07-17 05:55:58 --> CSRF token verified.
DEBUG - 2026-07-17 05:55:58 --> Session: Class initialized using 'CodeIgniter\Session\Handlers\FileHandler' driver.
DEBUG - 2026-07-17 05:55:58 --> Session: Class initialized using 'CodeIgniter\Session\Handlers\FileHandler' driver.
DEBUG - 2026-07-17 05:56:03 --> Session: Class initialized using 'CodeIgniter\Session\Handlers\FileHandler' driver.
DEBUG - 2026-07-17 05:56:15 --> Session: Class initialized using 'CodeIgniter\Session\Handlers\FileHandler' driver.
DEBUG - 2026-07-17 05:56:19 --> Session: Class initialized using 'CodeIgniter\Session\Handlers\FileHandler' driver.
DEBUG - 2026-07-17 05:56:20 --> Session: Class initialized using 'CodeIgniter\Session\Handlers\FileHandler' driver.
DEBUG - 2026-07-17 05:56:22 --> Session: Class initialized using 'CodeIgniter\Session\Handlers\FileHandler' driver.
DEBUG - 2026-07-17 05:56:25 --> Session: Class initialized using 'CodeIgniter\Session\Handlers\FileHandler' driver.
DEBUG - 2026-07-17 05:56:26 --> Session: Class initialized using 'CodeIgniter\Session\Handlers\FileHandler' driver.
DEBUG - 2026-07-17 05:56:27 --> Session: Class initialized using 'CodeIgniter\Session\Handlers\FileHandler' driver.
DEBUG - 2026-07-17 05:56:33 --> Session: Class initialized using 'CodeIgniter\Session\Handlers\FileHandler' driver.
DEBUG - 2026-07-17 05:56:36 --> Session: Class initialized using 'CodeIgniter\Session\Handlers\FileHandler' driver.
DEBUG - 2026-07-17 05:56:39 --> Session: Class initialized using 'CodeIgniter\Session\Handlers\FileHandler' driver.
DEBUG - 2026-07-17 06:16:05 --> Session: Class initialized using 'CodeIgniter\Session\Handlers\FileHandler' driver.
DEBUG - 2026-07-17 06:16:08 --> Session: Class initialized using 'CodeIgniter\Session\Handlers\FileHandler' driver.
DEBUG - 2026-07-17 06:16:15 --> Session: Class initialized using 'CodeIgniter\Session\Handlers\FileHandler' driver.
DEBUG - 2026-07-17 06:16:18 --> Session: Class initialized using 'CodeIgniter\Session\Handlers\FileHandler' driver.
DEBUG - 2026-07-17 06:16:22 --> Session: Class initialized using 'CodeIgniter\Session\Handlers\FileHandler' driver.
DEBUG - 2026-07-17 06:16:31 --> Session: Class initialized using 'CodeIgniter\Session\Handlers\FileHandler' driver.
DEBUG - 2026-07-17 06:16:32 --> Session: Class initialized using 'CodeIgniter\Session\Handlers\FileHandler' driver.
DEBUG - 2026-07-17 06:16:33 --> Session: Class initialized using 'CodeIgniter\Session\Handlers\FileHandler' driver.
DEBUG - 2026-07-17 06:16:34 --> Session: Class initialized using 'CodeIgniter\Session\Handlers\FileHandler' driver.
DEBUG - 2026-07-17 06:16:35 --> Session: Class initialized using 'CodeIgniter\Session\Handlers\FileHandler' driver.
DEBUG - 2026-07-17 06:16:41 --> Session: Class initialized using 'CodeIgniter\Session\Handlers\FileHandler' driver.
DEBUG - 2026-07-17 06:16:42 --> Session: Class initialized using 'CodeIgniter\Session\Handlers\FileHandler' driver.
DEBUG - 2026-07-17 06:16:52 --> Session: Class initialized using 'CodeIgniter\Session\Handlers\FileHandler' driver.
DEBUG - 2026-07-17 06:16:57 --> Session: Class initialized using 'CodeIgniter\Session\Handlers\FileHandler' driver.
DEBUG - 2026-07-17 06:16:58 --> Session: Class initialized using 'CodeIgniter\Session\Handlers\FileHandler' driver.
DEBUG - 2026-07-17 06:17:00 --> Session: Class initialized using 'CodeIgniter\Session\Handlers\FileHandler' driver.
DEBUG - 2026-07-17 06:17:06 --> Session: Class initialized using 'CodeIgniter\Session\Handlers\FileHandler' driver.
DEBUG - 2026-07-17 06:17:07 --> Session: Class initialized using 'CodeIgniter\Session\Handlers\FileHandler' driver.
DEBUG - 2026-07-17 06:17:08 --> Session: Class initialized using 'CodeIgniter\Session\Handlers\FileHandler' driver.
DEBUG - 2026-07-17 06:17:09 --> Session: Class initialized using 'CodeIgniter\Session\Handlers\FileHandler' driver.
DEBUG - 2026-07-17 06:17:12 --> Session: Class initialized using 'CodeIgniter\Session\Handlers\FileHandler' driver.
DEBUG - 2026-07-17 06:17:13 --> Session: Class initialized using 'CodeIgniter\Session\Handlers\FileHandler' driver.
DEBUG - 2026-07-17 06:17:26 --> Session: Class initialized using 'CodeIgniter\Session\Handlers\FileHandler' driver.
DEBUG - 2026-07-17 06:17:29 --> Session: Class initialized using 'CodeIgniter\Session\Handlers\FileHandler' driver.
DEBUG - 2026-07-17 06:20:56 --> Session: Class initialized using 'CodeIgniter\Session\Handlers\FileHandler' driver.
DEBUG - 2026-07-17 06:23:01 --> Session: Class initialized using 'CodeIgniter\Session\Handlers\FileHandler' driver.
DEBUG - 2026-07-17 06:25:19 --> Session: Class initialized using 'CodeIgniter\Session\Handlers\FileHandler' driver.
DEBUG - 2026-07-17 06:25:19 --> Session: Class initialized using 'CodeIgniter\Session\Handlers\FileHandler' driver.
INFO - 2026-07-17 06:25:45 --> CSRF token verified.
DEBUG - 2026-07-17 06:25:46 --> Session: Class initialized using 'CodeIgniter\Session\Handlers\FileHandler' driver.
DEBUG - 2026-07-17 06:25:46 --> Session: Class initialized using 'CodeIgniter\Session\Handlers\FileHandler' driver.
DEBUG - 2026-07-17 06:25:52 --> Session: Class initialized using 'CodeIgniter\Session\Handlers\FileHandler' driver.
DEBUG - 2026-07-17 06:25:54 --> Session: Class initialized using 'CodeIgniter\Session\Handlers\FileHandler' driver.
DEBUG - 2026-07-17 06:25:55 --> Session: Class initialized using 'CodeIgniter\Session\Handlers\FileHandler' driver.
DEBUG - 2026-07-17 06:25:55 --> Session: Class initialized using 'CodeIgniter\Session\Handlers\FileHandler' driver.
DEBUG - 2026-07-17 06:25:56 --> Session: Class initialized using 'CodeIgniter\Session\Handlers\FileHandler' driver.
DEBUG - 2026-07-17 06:25:58 --> Session: Class initialized using 'CodeIgniter\Session\Handlers\FileHandler' driver.
DEBUG - 2026-07-17 06:26:02 --> Session: Class initialized using 'CodeIgniter\Session\Handlers\FileHandler' driver.
DEBUG - 2026-07-17 06:26:05 --> Session: Class initialized using 'CodeIgniter\Session\Handlers\FileHandler' driver.
DEBUG - 2026-07-17 06:26:07 --> Session: Class initialized using 'CodeIgniter\Session\Handlers\FileHandler' driver.
DEBUG - 2026-07-17 06:30:06 --> Session: Class initialized using 'CodeIgniter\Session\Handlers\FileHandler' driver.
DEBUG - 2026-07-17 06:30:16 --> Session: Class initialized using 'CodeIgniter\Session\Handlers\FileHandler' driver.
DEBUG - 2026-07-17 06:30:18 --> Session: Class initialized using 'CodeIgniter\Session\Handlers\FileHandler' driver.
DEBUG - 2026-07-17 06:30:24 --> Session: Class initialized using 'CodeIgniter\Session\Handlers\FileHandler' driver.
DEBUG - 2026-07-17 06:30:30 --> Session: Class initialized using 'CodeIgniter\Session\Handlers\FileHandler' driver.
DEBUG - 2026-07-17 06:30:30 --> Session: Class initialized using 'CodeIgniter\Session\Handlers\FileHandler' driver.
DEBUG - 2026-07-17 06:30:31 --> Session: Class initialized using 'CodeIgniter\Session\Handlers\FileHandler' driver.
DEBUG - 2026-07-17 06:30:35 --> Session: Class initialized using 'CodeIgniter\Session\Handlers\FileHandler' driver.
DEBUG - 2026-07-17 06:30:37 --> Session: Class initialized using 'CodeIgniter\Session\Handlers\FileHandler' driver.
DEBUG - 2026-07-17 06:30:41 --> Session: Class initialized using 'CodeIgniter\Session\Handlers\FileHandler' driver.
DEBUG - 2026-07-17 06:30:58 --> Session: Class initialized using 'CodeIgniter\Session\Handlers\FileHandler' driver.
DEBUG - 2026-07-17 06:31:02 --> Session: Class initialized using 'CodeIgniter\Session\Handlers\FileHandler' driver.
DEBUG - 2026-07-17 06:31:04 --> Session: Class initialized using 'CodeIgniter\Session\Handlers\FileHandler' driver.
INFO - 2026-07-17 06:31:08 --> CSRF token verified.
DEBUG - 2026-07-17 06:31:08 --> Session: Class initialized using 'CodeIgniter\Session\Handlers\FileHandler' driver.
DEBUG - 2026-07-17 06:31:08 --> Session: Class initialized using 'CodeIgniter\Session\Handlers\FileHandler' driver.
DEBUG - 2026-07-17 06:31:11 --> Session: Class initialized using 'CodeIgniter\Session\Handlers\FileHandler' driver.
INFO - 2026-07-17 06:31:13 --> CSRF token verified.
DEBUG - 2026-07-17 06:31:13 --> Session: Class initialized using 'CodeIgniter\Session\Handlers\FileHandler' driver.
DEBUG - 2026-07-17 06:31:13 --> Session: Class initialized using 'CodeIgniter\Session\Handlers\FileHandler' driver.
DEBUG - 2026-07-17 06:31:14 --> Session: Class initialized using 'CodeIgniter\Session\Handlers\FileHandler' driver.
DEBUG - 2026-07-17 06:31:16 --> Session: Class initialized using 'CodeIgniter\Session\Handlers\FileHandler' driver.
DEBUG - 2026-07-17 06:31:17 --> Session: Class initialized using 'CodeIgniter\Session\Handlers\FileHandler' driver.
DEBUG - 2026-07-17 06:31:18 --> Session: Class initialized using 'CodeIgniter\Session\Handlers\FileHandler' driver.
DEBUG - 2026-07-17 06:31:19 --> Session: Class initialized using 'CodeIgniter\Session\Handlers\FileHandler' driver.
DEBUG - 2026-07-17 06:31:20 --> Session: Class initialized using 'CodeIgniter\Session\Handlers\FileHandler' driver.
DEBUG - 2026-07-17 06:31:21 --> Session: Class initialized using 'CodeIgniter\Session\Handlers\FileHandler' driver.
DEBUG - 2026-07-17 06:31:24 --> Session: Class initialized using 'CodeIgniter\Session\Handlers\FileHandler' driver.
DEBUG - 2026-07-17 06:31:28 --> Session: Class initialized using 'CodeIgniter\Session\Handlers\FileHandler' driver.
DEBUG - 2026-07-17 06:31:30 --> Session: Class initialized using 'CodeIgniter\Session\Handlers\FileHandler' driver.
DEBUG - 2026-07-17 06:34:15 --> Session: Class initialized using 'CodeIgniter\Session\Handlers\FileHandler' driver.
DEBUG - 2026-07-17 06:48:27 --> Session: Class initialized using 'CodeIgniter\Session\Handlers\FileHandler' driver.
DEBUG - 2026-07-17 06:48:29 --> Session: Class initialized using 'CodeIgniter\Session\Handlers\FileHandler' driver.
DEBUG - 2026-07-17 06:48:31 --> Session: Class initialized using 'CodeIgniter\Session\Handlers\FileHandler' driver.
DEBUG - 2026-07-17 06:48:34 --> Session: Class initialized using 'CodeIgniter\Session\Handlers\FileHandler' driver.
DEBUG - 2026-07-17 06:48:35 --> Session: Class initialized using 'CodeIgniter\Session\Handlers\FileHandler' driver.
DEBUG - 2026-07-17 06:48:38 --> Session: Class initialized using 'CodeIgniter\Session\Handlers\FileHandler' driver.
DEBUG - 2026-07-17 06:48:39 --> Session: Class initialized using 'CodeIgniter\Session\Handlers\FileHandler' driver.
INFO - 2026-07-17 06:49:31 --> CSRF token verified.
DEBUG - 2026-07-17 06:49:31 --> Session: Class initialized using 'CodeIgniter\Session\Handlers\FileHandler' driver.
ERROR - 2026-07-17 06:49:31 --> pg_query(): Query failed: ERROR:  column &quot;date_established&quot; of relation &quot;companies&quot; does not exist
LINE 1: ... 'Acme Corporation, Inc.', &quot;industry&quot; = 'Retail', &quot;date_esta...
                                                             ^
in SYSTEMPATH\Database\Postgre\Connection.php on line 200.
 1 SYSTEMPATH\Database\BaseConnection.php(908): CodeIgniter\Database\Postgre\Connection->execute('UPDATE "companies" SET "name" = \'Acme Corps\', "legal_name" = \'Acme Corporation, Inc.\', "industry" = \'Retail\', "date_established" = \'2026-07-01\', "company_size" = \'2000\', "sec_dti_number" = \'\', "tin" = \'\', "sss_number" = \'\', "philhealth_number" = \'\', "pagibig_number" = \'\', "business_permit_number" = \'\', "rdo_code" = \'\', "address_line" = \'6789 Ayala Avenue\', "city" = \'Makati\', "province" = \'Metro Manila\', "postal_code" = \'\', "country" = \'Philippines\', "phone" = \'+63 2 8123 4567\', "email" = \'hello@acmecorp.ph\', "website" = \'\', "logo_path" = \'uploads/logos/1784270971_e71debef7fe0060c2f41.png\', "updated_at" = \'2026-07-17 06:49:31\'
WHERE "companies"."id" IN (1)')
 2 SYSTEMPATH\Database\BaseConnection.php(825): CodeIgniter\Database\BaseConnection->simpleQuery('UPDATE "companies" SET "name" = \'Acme Corps\', "legal_name" = \'Acme Corporation, Inc.\', "industry" = \'Retail\', "date_established" = \'2026-07-01\', "company_size" = \'2000\', "sec_dti_number" = \'\', "tin" = \'\', "sss_number" = \'\', "philhealth_number" = \'\', "pagibig_number" = \'\', "business_permit_number" = \'\', "rdo_code" = \'\', "address_line" = \'6789 Ayala Avenue\', "city" = \'Makati\', "province" = \'Metro Manila\', "postal_code" = \'\', "country" = \'Philippines\', "phone" = \'+63 2 8123 4567\', "email" = \'hello@acmecorp.ph\', "website" = \'\', "logo_path" = \'uploads/logos/1784270971_e71debef7fe0060c2f41.png\', "updated_at" = \'2026-07-17 06:49:31\'
WHERE "companies"."id" IN (1)')
 3 SYSTEMPATH\Database\BaseBuilder.php(2531): CodeIgniter\Database\BaseConnection->query('UPDATE "companies" SET "name" = :name:, "legal_name" = :legal_name:, "industry" = :industry:, "date_established" = :date_established:, "company_size" = :company_size:, "sec_dti_number" = :sec_dti_number:, "tin" = :tin:, "sss_number" = :sss_number:, "philhealth_number" = :philhealth_number:, "pagibig_number" = :pagibig_number:, "business_permit_number" = :business_permit_number:, "rdo_code" = :rdo_code:, "address_line" = :address_line:, "city" = :city:, "province" = :province:, "postal_code" = :postal_code:, "country" = :country:, "phone" = :phone:, "email" = :email:, "website" = :website:, "logo_path" = :logo_path:, "updated_at" = :updated_at:
WHERE "companies"."id" IN :companies.id:', [...], false)
 4 SYSTEMPATH\Model.php(408): CodeIgniter\Database\BaseBuilder->update()
 5 SYSTEMPATH\BaseModel.php(1074): CodeIgniter\Model->doUpdate([...], [...])
 6 SYSTEMPATH\Model.php(711): CodeIgniter\BaseModel->update([...], [...])
 7 APPPATH\Controllers\Companies.php(79): CodeIgniter\Model->update(1, [...])
 8 SYSTEMPATH\CodeIgniter.php(974): App\Controllers\Companies->update(1)
 9 SYSTEMPATH\CodeIgniter.php(520): CodeIgniter\CodeIgniter->runController(Object(App\Controllers\Companies))
10 SYSTEMPATH\CodeIgniter.php(363): CodeIgniter\CodeIgniter->handleRequest(null, Object(Config\Cache), false)
11 SYSTEMPATH\Boot.php(417): CodeIgniter\CodeIgniter->run()
12 SYSTEMPATH\Boot.php(68): CodeIgniter\Boot::runCodeIgniter(Object(CodeIgniter\CodeIgniter))
13 FCPATH\index.php(59): CodeIgniter\Boot::bootWeb(Object(Config\Paths))
14 SYSTEMPATH\rewrite.php(44): require_once('C:\\Users\\Kenneth Balantucas\\Downloads\\hris-codeigniter4-docker\\hris\\public\\index.php')
CRITICAL - 2026-07-17 06:49:31 --> CodeIgniter\Database\Exceptions\DatabaseException: pg_query(): Query failed: ERROR:  column &quot;date_established&quot; of relation &quot;companies&quot; does not exist
LINE 1: ... 'Acme Corporation, Inc.', &quot;industry&quot; = 'Retail', &quot;date_esta...
                                                             ^
[Method: POST, Route: companies/1]
in SYSTEMPATH\Database\BaseConnection.php on line 863.
 1 SYSTEMPATH\Database\BaseBuilder.php(2531): CodeIgniter\Database\BaseConnection->query('UPDATE "companies" SET "name" = :name:, "legal_name" = :legal_name:, "industry" = :industry:, "date_established" = :date_established:, "company_size" = :company_size:, "sec_dti_number" = :sec_dti_number:, "tin" = :tin:, "sss_number" = :sss_number:, "philhealth_number" = :philhealth_number:, "pagibig_number" = :pagibig_number:, "business_permit_number" = :business_permit_number:, "rdo_code" = :rdo_code:, "address_line" = :address_line:, "city" = :city:, "province" = :province:, "postal_code" = :postal_code:, "country" = :country:, "phone" = :phone:, "email" = :email:, "website" = :website:, "logo_path" = :logo_path:, "updated_at" = :updated_at:
WHERE "companies"."id" IN :companies.id:', [...], false)
 2 SYSTEMPATH\Model.php(408): CodeIgniter\Database\BaseBuilder->update()
 3 SYSTEMPATH\BaseModel.php(1074): CodeIgniter\Model->doUpdate([...], [...])
 4 SYSTEMPATH\Model.php(711): CodeIgniter\BaseModel->update([...], [...])
 5 APPPATH\Controllers\Companies.php(79): CodeIgniter\Model->update(1, [...])
 6 SYSTEMPATH\CodeIgniter.php(974): App\Controllers\Companies->update(1)
 7 SYSTEMPATH\CodeIgniter.php(520): CodeIgniter\CodeIgniter->runController(Object(App\Controllers\Companies))
 8 SYSTEMPATH\CodeIgniter.php(363): CodeIgniter\CodeIgniter->handleRequest(null, Object(Config\Cache), false)
 9 SYSTEMPATH\Boot.php(417): CodeIgniter\CodeIgniter->run()
10 SYSTEMPATH\Boot.php(68): CodeIgniter\Boot::runCodeIgniter(Object(CodeIgniter\CodeIgniter))
11 FCPATH\index.php(59): CodeIgniter\Boot::bootWeb(Object(Config\Paths))
12 SYSTEMPATH\rewrite.php(44): require_once('C:\\Users\\Kenneth Balantucas\\Downloads\\hris-codeigniter4-docker\\hris\\public\\index.php')
CRITICAL - 2026-07-17 06:49:31 --> [Caused by] CodeIgniter\Database\Exceptions\DatabaseException: pg_query(): Query failed: ERROR:  column &quot;date_established&quot; of relation &quot;companies&quot; does not exist
LINE 1: ... 'Acme Corporation, Inc.', &quot;industry&quot; = 'Retail', &quot;date_esta...
                                                             ^
in SYSTEMPATH\Database\Postgre\Connection.php on line 212.
 1 SYSTEMPATH\Database\BaseConnection.php(908): CodeIgniter\Database\Postgre\Connection->execute('UPDATE "companies" SET "name" = \'Acme Corps\', "legal_name" = \'Acme Corporation, Inc.\', "industry" = \'Retail\', "date_established" = \'2026-07-01\', "company_size" = \'2000\', "sec_dti_number" = \'\', "tin" = \'\', "sss_number" = \'\', "philhealth_number" = \'\', "pagibig_number" = \'\', "business_permit_number" = \'\', "rdo_code" = \'\', "address_line" = \'6789 Ayala Avenue\', "city" = \'Makati\', "province" = \'Metro Manila\', "postal_code" = \'\', "country" = \'Philippines\', "phone" = \'+63 2 8123 4567\', "email" = \'hello@acmecorp.ph\', "website" = \'\', "logo_path" = \'uploads/logos/1784270971_e71debef7fe0060c2f41.png\', "updated_at" = \'2026-07-17 06:49:31\'
WHERE "companies"."id" IN (1)')
 2 SYSTEMPATH\Database\BaseConnection.php(825): CodeIgniter\Database\BaseConnection->simpleQuery('UPDATE "companies" SET "name" = \'Acme Corps\', "legal_name" = \'Acme Corporation, Inc.\', "industry" = \'Retail\', "date_established" = \'2026-07-01\', "company_size" = \'2000\', "sec_dti_number" = \'\', "tin" = \'\', "sss_number" = \'\', "philhealth_number" = \'\', "pagibig_number" = \'\', "business_permit_number" = \'\', "rdo_code" = \'\', "address_line" = \'6789 Ayala Avenue\', "city" = \'Makati\', "province" = \'Metro Manila\', "postal_code" = \'\', "country" = \'Philippines\', "phone" = \'+63 2 8123 4567\', "email" = \'hello@acmecorp.ph\', "website" = \'\', "logo_path" = \'uploads/logos/1784270971_e71debef7fe0060c2f41.png\', "updated_at" = \'2026-07-17 06:49:31\'
WHERE "companies"."id" IN (1)')
 3 SYSTEMPATH\Database\BaseBuilder.php(2531): CodeIgniter\Database\BaseConnection->query('UPDATE "companies" SET "name" = :name:, "legal_name" = :legal_name:, "industry" = :industry:, "date_established" = :date_established:, "company_size" = :company_size:, "sec_dti_number" = :sec_dti_number:, "tin" = :tin:, "sss_number" = :sss_number:, "philhealth_number" = :philhealth_number:, "pagibig_number" = :pagibig_number:, "business_permit_number" = :business_permit_number:, "rdo_code" = :rdo_code:, "address_line" = :address_line:, "city" = :city:, "province" = :province:, "postal_code" = :postal_code:, "country" = :country:, "phone" = :phone:, "email" = :email:, "website" = :website:, "logo_path" = :logo_path:, "updated_at" = :updated_at:
WHERE "companies"."id" IN :companies.id:', [...], false)
 4 SYSTEMPATH\Model.php(408): CodeIgniter\Database\BaseBuilder->update()
 5 SYSTEMPATH\BaseModel.php(1074): CodeIgniter\Model->doUpdate([...], [...])
 6 SYSTEMPATH\Model.php(711): CodeIgniter\BaseModel->update([...], [...])
 7 APPPATH\Controllers\Companies.php(79): CodeIgniter\Model->update(1, [...])
 8 SYSTEMPATH\CodeIgniter.php(974): App\Controllers\Companies->update(1)
 9 SYSTEMPATH\CodeIgniter.php(520): CodeIgniter\CodeIgniter->runController(Object(App\Controllers\Companies))
10 SYSTEMPATH\CodeIgniter.php(363): CodeIgniter\CodeIgniter->handleRequest(null, Object(Config\Cache), false)
11 SYSTEMPATH\Boot.php(417): CodeIgniter\CodeIgniter->run()
12 SYSTEMPATH\Boot.php(68): CodeIgniter\Boot::runCodeIgniter(Object(CodeIgniter\CodeIgniter))
13 FCPATH\index.php(59): CodeIgniter\Boot::bootWeb(Object(Config\Paths))
14 SYSTEMPATH\rewrite.php(44): require_once('C:\\Users\\Kenneth Balantucas\\Downloads\\hris-codeigniter4-docker\\hris\\public\\index.php')
CRITICAL - 2026-07-17 06:49:31 --> [Caused by] ErrorException: pg_query(): Query failed: ERROR:  column &quot;date_established&quot; of relation &quot;companies&quot; does not exist
LINE 1: ... 'Acme Corporation, Inc.', &quot;industry&quot; = 'Retail', &quot;date_esta...
                                                             ^
in SYSTEMPATH\Database\Postgre\Connection.php on line 200.
 1 [internal function]: CodeIgniter\Debug\Exceptions->errorHandler(2, 'pg_query(): Query failed: ERROR:  column &quot;date_established&quot; of relation &quot;companies&quot; does not exist
LINE 1: ... \'Acme Corporation, Inc.\', &quot;industry&quot; = \'Retail\', &quot;date_esta...
                                                             ^', 'C:\\Users\\Kenneth Balantucas\\Downloads\\hris-codeigniter4-docker\\hris\\system\\Database\\Postgre\\Connection.php', 200)
 2 SYSTEMPATH\Database\Postgre\Connection.php(200): pg_query(Object(PgSql\Connection), 'UPDATE "companies" SET "name" = \'Acme Corps\', "legal_name" = \'Acme Corporation, Inc.\', "industry" = \'Retail\', "date_established" = \'2026-07-01\', "company_size" = \'2000\', "sec_dti_number" = \'\', "tin" = \'\', "sss_number" = \'\', "philhealth_number" = \'\', "pagibig_number" = \'\', "business_permit_number" = \'\', "rdo_code" = \'\', "address_line" = \'6789 Ayala Avenue\', "city" = \'Makati\', "province" = \'Metro Manila\', "postal_code" = \'\', "country" = \'Philippines\', "phone" = \'+63 2 8123 4567\', "email" = \'hello@acmecorp.ph\', "website" = \'\', "logo_path" = \'uploads/logos/1784270971_e71debef7fe0060c2f41.png\', "updated_at" = \'2026-07-17 06:49:31\'
WHERE "companies"."id" IN (1)')
 3 SYSTEMPATH\Database\BaseConnection.php(908): CodeIgniter\Database\Postgre\Connection->execute('UPDATE "companies" SET "name" = \'Acme Corps\', "legal_name" = \'Acme Corporation, Inc.\', "industry" = \'Retail\', "date_established" = \'2026-07-01\', "company_size" = \'2000\', "sec_dti_number" = \'\', "tin" = \'\', "sss_number" = \'\', "philhealth_number" = \'\', "pagibig_number" = \'\', "business_permit_number" = \'\', "rdo_code" = \'\', "address_line" = \'6789 Ayala Avenue\', "city" = \'Makati\', "province" = \'Metro Manila\', "postal_code" = \'\', "country" = \'Philippines\', "phone" = \'+63 2 8123 4567\', "email" = \'hello@acmecorp.ph\', "website" = \'\', "logo_path" = \'uploads/logos/1784270971_e71debef7fe0060c2f41.png\', "updated_at" = \'2026-07-17 06:49:31\'
WHERE "companies"."id" IN (1)')
 4 SYSTEMPATH\Database\BaseConnection.php(825): CodeIgniter\Database\BaseConnection->simpleQuery('UPDATE "companies" SET "name" = \'Acme Corps\', "legal_name" = \'Acme Corporation, Inc.\', "industry" = \'Retail\', "date_established" = \'2026-07-01\', "company_size" = \'2000\', "sec_dti_number" = \'\', "tin" = \'\', "sss_number" = \'\', "philhealth_number" = \'\', "pagibig_number" = \'\', "business_permit_number" = \'\', "rdo_code" = \'\', "address_line" = \'6789 Ayala Avenue\', "city" = \'Makati\', "province" = \'Metro Manila\', "postal_code" = \'\', "country" = \'Philippines\', "phone" = \'+63 2 8123 4567\', "email" = \'hello@acmecorp.ph\', "website" = \'\', "logo_path" = \'uploads/logos/1784270971_e71debef7fe0060c2f41.png\', "updated_at" = \'2026-07-17 06:49:31\'
WHERE "companies"."id" IN (1)')
 5 SYSTEMPATH\Database\BaseBuilder.php(2531): CodeIgniter\Database\BaseConnection->query('UPDATE "companies" SET "name" = :name:, "legal_name" = :legal_name:, "industry" = :industry:, "date_established" = :date_established:, "company_size" = :company_size:, "sec_dti_number" = :sec_dti_number:, "tin" = :tin:, "sss_number" = :sss_number:, "philhealth_number" = :philhealth_number:, "pagibig_number" = :pagibig_number:, "business_permit_number" = :business_permit_number:, "rdo_code" = :rdo_code:, "address_line" = :address_line:, "city" = :city:, "province" = :province:, "postal_code" = :postal_code:, "country" = :country:, "phone" = :phone:, "email" = :email:, "website" = :website:, "logo_path" = :logo_path:, "updated_at" = :updated_at:
WHERE "companies"."id" IN :companies.id:', [...], false)
 6 SYSTEMPATH\Model.php(408): CodeIgniter\Database\BaseBuilder->update()
 7 SYSTEMPATH\BaseModel.php(1074): CodeIgniter\Model->doUpdate([...], [...])
 8 SYSTEMPATH\Model.php(711): CodeIgniter\BaseModel->update([...], [...])
 9 APPPATH\Controllers\Companies.php(79): CodeIgniter\Model->update(1, [...])
10 SYSTEMPATH\CodeIgniter.php(974): App\Controllers\Companies->update(1)
11 SYSTEMPATH\CodeIgniter.php(520): CodeIgniter\CodeIgniter->runController(Object(App\Controllers\Companies))
12 SYSTEMPATH\CodeIgniter.php(363): CodeIgniter\CodeIgniter->handleRequest(null, Object(Config\Cache), false)
13 SYSTEMPATH\Boot.php(417): CodeIgniter\CodeIgniter->run()
14 SYSTEMPATH\Boot.php(68): CodeIgniter\Boot::runCodeIgniter(Object(CodeIgniter\CodeIgniter))
15 FCPATH\index.php(59): CodeIgniter\Boot::bootWeb(Object(Config\Paths))
16 SYSTEMPATH\rewrite.php(44): require_once('C:\\Users\\Kenneth Balantucas\\Downloads\\hris-codeigniter4-docker\\hris\\public\\index.php')
DEBUG - 2026-07-17 06:50:23 --> Session: Class initialized using 'CodeIgniter\Session\Handlers\FileHandler' driver.
DEBUG - 2026-07-17 06:52:50 --> Session: Class initialized using 'CodeIgniter\Session\Handlers\FileHandler' driver.
DEBUG - 2026-07-17 06:52:53 --> Session: Class initialized using 'CodeIgniter\Session\Handlers\FileHandler' driver.
DEBUG - 2026-07-17 06:52:53 --> Session: Class initialized using 'CodeIgniter\Session\Handlers\FileHandler' driver.
DEBUG - 2026-07-17 06:52:55 --> Session: Class initialized using 'CodeIgniter\Session\Handlers\FileHandler' driver.
INFO - 2026-07-17 06:53:15 --> CSRF token verified.
DEBUG - 2026-07-17 06:53:15 --> Session: Class initialized using 'CodeIgniter\Session\Handlers\FileHandler' driver.
ERROR - 2026-07-17 06:53:15 --> pg_query(): Query failed: ERROR:  column &quot;date_established&quot; of relation &quot;companies&quot; does not exist
LINE 1: ... 'Acme Corporation, Inc.', &quot;industry&quot; = 'Retail', &quot;date_esta...
                                                             ^
in SYSTEMPATH\Database\Postgre\Connection.php on line 200.
 1 SYSTEMPATH\Database\BaseConnection.php(908): CodeIgniter\Database\Postgre\Connection->execute('UPDATE "companies" SET "name" = \'Acme Corps\', "legal_name" = \'Acme Corporation, Inc.\', "industry" = \'Retail\', "date_established" = \'\', "company_size" = \'\', "sec_dti_number" = \'\', "tin" = \'\', "sss_number" = \'\', "philhealth_number" = \'\', "pagibig_number" = \'\', "business_permit_number" = \'\', "rdo_code" = \'\', "address_line" = \'6789 Ayala Avenue\', "city" = \'Makati\', "province" = \'Metro Manila\', "postal_code" = \'\', "country" = \'Philippines\', "phone" = \'+63 2 8123 4567\', "email" = \'hello@acmecorp.ph\', "website" = \'\', "logo_path" = \'uploads/logos/1784271195_3780fa2903ed7d159d8b.png\', "updated_at" = \'2026-07-17 06:53:15\'
WHERE "companies"."id" IN (1)')
 2 SYSTEMPATH\Database\BaseConnection.php(825): CodeIgniter\Database\BaseConnection->simpleQuery('UPDATE "companies" SET "name" = \'Acme Corps\', "legal_name" = \'Acme Corporation, Inc.\', "industry" = \'Retail\', "date_established" = \'\', "company_size" = \'\', "sec_dti_number" = \'\', "tin" = \'\', "sss_number" = \'\', "philhealth_number" = \'\', "pagibig_number" = \'\', "business_permit_number" = \'\', "rdo_code" = \'\', "address_line" = \'6789 Ayala Avenue\', "city" = \'Makati\', "province" = \'Metro Manila\', "postal_code" = \'\', "country" = \'Philippines\', "phone" = \'+63 2 8123 4567\', "email" = \'hello@acmecorp.ph\', "website" = \'\', "logo_path" = \'uploads/logos/1784271195_3780fa2903ed7d159d8b.png\', "updated_at" = \'2026-07-17 06:53:15\'
WHERE "companies"."id" IN (1)')
 3 SYSTEMPATH\Database\BaseBuilder.php(2531): CodeIgniter\Database\BaseConnection->query('UPDATE "companies" SET "name" = :name:, "legal_name" = :legal_name:, "industry" = :industry:, "date_established" = :date_established:, "company_size" = :company_size:, "sec_dti_number" = :sec_dti_number:, "tin" = :tin:, "sss_number" = :sss_number:, "philhealth_number" = :philhealth_number:, "pagibig_number" = :pagibig_number:, "business_permit_number" = :business_permit_number:, "rdo_code" = :rdo_code:, "address_line" = :address_line:, "city" = :city:, "province" = :province:, "postal_code" = :postal_code:, "country" = :country:, "phone" = :phone:, "email" = :email:, "website" = :website:, "logo_path" = :logo_path:, "updated_at" = :updated_at:
WHERE "companies"."id" IN :companies.id:', [...], false)
 4 SYSTEMPATH\Model.php(408): CodeIgniter\Database\BaseBuilder->update()
 5 SYSTEMPATH\BaseModel.php(1074): CodeIgniter\Model->doUpdate([...], [...])
 6 SYSTEMPATH\Model.php(711): CodeIgniter\BaseModel->update([...], [...])
 7 APPPATH\Controllers\Companies.php(79): CodeIgniter\Model->update(1, [...])
 8 SYSTEMPATH\CodeIgniter.php(974): App\Controllers\Companies->update(1)
 9 SYSTEMPATH\CodeIgniter.php(520): CodeIgniter\CodeIgniter->runController(Object(App\Controllers\Companies))
10 SYSTEMPATH\CodeIgniter.php(363): CodeIgniter\CodeIgniter->handleRequest(null, Object(Config\Cache), false)
11 SYSTEMPATH\Boot.php(417): CodeIgniter\CodeIgniter->run()
12 SYSTEMPATH\Boot.php(68): CodeIgniter\Boot::runCodeIgniter(Object(CodeIgniter\CodeIgniter))
13 FCPATH\index.php(59): CodeIgniter\Boot::bootWeb(Object(Config\Paths))
14 SYSTEMPATH\rewrite.php(44): require_once('C:\\Users\\Kenneth Balantucas\\Downloads\\hris-codeigniter4-docker\\hris\\public\\index.php')
CRITICAL - 2026-07-17 06:53:15 --> CodeIgniter\Database\Exceptions\DatabaseException: pg_query(): Query failed: ERROR:  column &quot;date_established&quot; of relation &quot;companies&quot; does not exist
LINE 1: ... 'Acme Corporation, Inc.', &quot;industry&quot; = 'Retail', &quot;date_esta...
                                                             ^
[Method: POST, Route: companies/1]
in SYSTEMPATH\Database\BaseConnection.php on line 863.
 1 SYSTEMPATH\Database\BaseBuilder.php(2531): CodeIgniter\Database\BaseConnection->query('UPDATE "companies" SET "name" = :name:, "legal_name" = :legal_name:, "industry" = :industry:, "date_established" = :date_established:, "company_size" = :company_size:, "sec_dti_number" = :sec_dti_number:, "tin" = :tin:, "sss_number" = :sss_number:, "philhealth_number" = :philhealth_number:, "pagibig_number" = :pagibig_number:, "business_permit_number" = :business_permit_number:, "rdo_code" = :rdo_code:, "address_line" = :address_line:, "city" = :city:, "province" = :province:, "postal_code" = :postal_code:, "country" = :country:, "phone" = :phone:, "email" = :email:, "website" = :website:, "logo_path" = :logo_path:, "updated_at" = :updated_at:
WHERE "companies"."id" IN :companies.id:', [...], false)
 2 SYSTEMPATH\Model.php(408): CodeIgniter\Database\BaseBuilder->update()
 3 SYSTEMPATH\BaseModel.php(1074): CodeIgniter\Model->doUpdate([...], [...])
 4 SYSTEMPATH\Model.php(711): CodeIgniter\BaseModel->update([...], [...])
 5 APPPATH\Controllers\Companies.php(79): CodeIgniter\Model->update(1, [...])
 6 SYSTEMPATH\CodeIgniter.php(974): App\Controllers\Companies->update(1)
 7 SYSTEMPATH\CodeIgniter.php(520): CodeIgniter\CodeIgniter->runController(Object(App\Controllers\Companies))
 8 SYSTEMPATH\CodeIgniter.php(363): CodeIgniter\CodeIgniter->handleRequest(null, Object(Config\Cache), false)
 9 SYSTEMPATH\Boot.php(417): CodeIgniter\CodeIgniter->run()
10 SYSTEMPATH\Boot.php(68): CodeIgniter\Boot::runCodeIgniter(Object(CodeIgniter\CodeIgniter))
11 FCPATH\index.php(59): CodeIgniter\Boot::bootWeb(Object(Config\Paths))
12 SYSTEMPATH\rewrite.php(44): require_once('C:\\Users\\Kenneth Balantucas\\Downloads\\hris-codeigniter4-docker\\hris\\public\\index.php')
CRITICAL - 2026-07-17 06:53:15 --> [Caused by] CodeIgniter\Database\Exceptions\DatabaseException: pg_query(): Query failed: ERROR:  column &quot;date_established&quot; of relation &quot;companies&quot; does not exist
LINE 1: ... 'Acme Corporation, Inc.', &quot;industry&quot; = 'Retail', &quot;date_esta...
                                                             ^
in SYSTEMPATH\Database\Postgre\Connection.php on line 212.
 1 SYSTEMPATH\Database\BaseConnection.php(908): CodeIgniter\Database\Postgre\Connection->execute('UPDATE "companies" SET "name" = \'Acme Corps\', "legal_name" = \'Acme Corporation, Inc.\', "industry" = \'Retail\', "date_established" = \'\', "company_size" = \'\', "sec_dti_number" = \'\', "tin" = \'\', "sss_number" = \'\', "philhealth_number" = \'\', "pagibig_number" = \'\', "business_permit_number" = \'\', "rdo_code" = \'\', "address_line" = \'6789 Ayala Avenue\', "city" = \'Makati\', "province" = \'Metro Manila\', "postal_code" = \'\', "country" = \'Philippines\', "phone" = \'+63 2 8123 4567\', "email" = \'hello@acmecorp.ph\', "website" = \'\', "logo_path" = \'uploads/logos/1784271195_3780fa2903ed7d159d8b.png\', "updated_at" = \'2026-07-17 06:53:15\'
WHERE "companies"."id" IN (1)')
 2 SYSTEMPATH\Database\BaseConnection.php(825): CodeIgniter\Database\BaseConnection->simpleQuery('UPDATE "companies" SET "name" = \'Acme Corps\', "legal_name" = \'Acme Corporation, Inc.\', "industry" = \'Retail\', "date_established" = \'\', "company_size" = \'\', "sec_dti_number" = \'\', "tin" = \'\', "sss_number" = \'\', "philhealth_number" = \'\', "pagibig_number" = \'\', "business_permit_number" = \'\', "rdo_code" = \'\', "address_line" = \'6789 Ayala Avenue\', "city" = \'Makati\', "province" = \'Metro Manila\', "postal_code" = \'\', "country" = \'Philippines\', "phone" = \'+63 2 8123 4567\', "email" = \'hello@acmecorp.ph\', "website" = \'\', "logo_path" = \'uploads/logos/1784271195_3780fa2903ed7d159d8b.png\', "updated_at" = \'2026-07-17 06:53:15\'
WHERE "companies"."id" IN (1)')
 3 SYSTEMPATH\Database\BaseBuilder.php(2531): CodeIgniter\Database\BaseConnection->query('UPDATE "companies" SET "name" = :name:, "legal_name" = :legal_name:, "industry" = :industry:, "date_established" = :date_established:, "company_size" = :company_size:, "sec_dti_number" = :sec_dti_number:, "tin" = :tin:, "sss_number" = :sss_number:, "philhealth_number" = :philhealth_number:, "pagibig_number" = :pagibig_number:, "business_permit_number" = :business_permit_number:, "rdo_code" = :rdo_code:, "address_line" = :address_line:, "city" = :city:, "province" = :province:, "postal_code" = :postal_code:, "country" = :country:, "phone" = :phone:, "email" = :email:, "website" = :website:, "logo_path" = :logo_path:, "updated_at" = :updated_at:
WHERE "companies"."id" IN :companies.id:', [...], false)
 4 SYSTEMPATH\Model.php(408): CodeIgniter\Database\BaseBuilder->update()
 5 SYSTEMPATH\BaseModel.php(1074): CodeIgniter\Model->doUpdate([...], [...])
 6 SYSTEMPATH\Model.php(711): CodeIgniter\BaseModel->update([...], [...])
 7 APPPATH\Controllers\Companies.php(79): CodeIgniter\Model->update(1, [...])
 8 SYSTEMPATH\CodeIgniter.php(974): App\Controllers\Companies->update(1)
 9 SYSTEMPATH\CodeIgniter.php(520): CodeIgniter\CodeIgniter->runController(Object(App\Controllers\Companies))
10 SYSTEMPATH\CodeIgniter.php(363): CodeIgniter\CodeIgniter->handleRequest(null, Object(Config\Cache), false)
11 SYSTEMPATH\Boot.php(417): CodeIgniter\CodeIgniter->run()
12 SYSTEMPATH\Boot.php(68): CodeIgniter\Boot::runCodeIgniter(Object(CodeIgniter\CodeIgniter))
13 FCPATH\index.php(59): CodeIgniter\Boot::bootWeb(Object(Config\Paths))
14 SYSTEMPATH\rewrite.php(44): require_once('C:\\Users\\Kenneth Balantucas\\Downloads\\hris-codeigniter4-docker\\hris\\public\\index.php')
CRITICAL - 2026-07-17 06:53:15 --> [Caused by] ErrorException: pg_query(): Query failed: ERROR:  column &quot;date_established&quot; of relation &quot;companies&quot; does not exist
LINE 1: ... 'Acme Corporation, Inc.', &quot;industry&quot; = 'Retail', &quot;date_esta...
                                                             ^
in SYSTEMPATH\Database\Postgre\Connection.php on line 200.
 1 [internal function]: CodeIgniter\Debug\Exceptions->errorHandler(2, 'pg_query(): Query failed: ERROR:  column &quot;date_established&quot; of relation &quot;companies&quot; does not exist
LINE 1: ... \'Acme Corporation, Inc.\', &quot;industry&quot; = \'Retail\', &quot;date_esta...
                                                             ^', 'C:\\Users\\Kenneth Balantucas\\Downloads\\hris-codeigniter4-docker\\hris\\system\\Database\\Postgre\\Connection.php', 200)
 2 SYSTEMPATH\Database\Postgre\Connection.php(200): pg_query(Object(PgSql\Connection), 'UPDATE "companies" SET "name" = \'Acme Corps\', "legal_name" = \'Acme Corporation, Inc.\', "industry" = \'Retail\', "date_established" = \'\', "company_size" = \'\', "sec_dti_number" = \'\', "tin" = \'\', "sss_number" = \'\', "philhealth_number" = \'\', "pagibig_number" = \'\', "business_permit_number" = \'\', "rdo_code" = \'\', "address_line" = \'6789 Ayala Avenue\', "city" = \'Makati\', "province" = \'Metro Manila\', "postal_code" = \'\', "country" = \'Philippines\', "phone" = \'+63 2 8123 4567\', "email" = \'hello@acmecorp.ph\', "website" = \'\', "logo_path" = \'uploads/logos/1784271195_3780fa2903ed7d159d8b.png\', "updated_at" = \'2026-07-17 06:53:15\'
WHERE "companies"."id" IN (1)')
 3 SYSTEMPATH\Database\BaseConnection.php(908): CodeIgniter\Database\Postgre\Connection->execute('UPDATE "companies" SET "name" = \'Acme Corps\', "legal_name" = \'Acme Corporation, Inc.\', "industry" = \'Retail\', "date_established" = \'\', "company_size" = \'\', "sec_dti_number" = \'\', "tin" = \'\', "sss_number" = \'\', "philhealth_number" = \'\', "pagibig_number" = \'\', "business_permit_number" = \'\', "rdo_code" = \'\', "address_line" = \'6789 Ayala Avenue\', "city" = \'Makati\', "province" = \'Metro Manila\', "postal_code" = \'\', "country" = \'Philippines\', "phone" = \'+63 2 8123 4567\', "email" = \'hello@acmecorp.ph\', "website" = \'\', "logo_path" = \'uploads/logos/1784271195_3780fa2903ed7d159d8b.png\', "updated_at" = \'2026-07-17 06:53:15\'
WHERE "companies"."id" IN (1)')
 4 SYSTEMPATH\Database\BaseConnection.php(825): CodeIgniter\Database\BaseConnection->simpleQuery('UPDATE "companies" SET "name" = \'Acme Corps\', "legal_name" = \'Acme Corporation, Inc.\', "industry" = \'Retail\', "date_established" = \'\', "company_size" = \'\', "sec_dti_number" = \'\', "tin" = \'\', "sss_number" = \'\', "philhealth_number" = \'\', "pagibig_number" = \'\', "business_permit_number" = \'\', "rdo_code" = \'\', "address_line" = \'6789 Ayala Avenue\', "city" = \'Makati\', "province" = \'Metro Manila\', "postal_code" = \'\', "country" = \'Philippines\', "phone" = \'+63 2 8123 4567\', "email" = \'hello@acmecorp.ph\', "website" = \'\', "logo_path" = \'uploads/logos/1784271195_3780fa2903ed7d159d8b.png\', "updated_at" = \'2026-07-17 06:53:15\'
WHERE "companies"."id" IN (1)')
 5 SYSTEMPATH\Database\BaseBuilder.php(2531): CodeIgniter\Database\BaseConnection->query('UPDATE "companies" SET "name" = :name:, "legal_name" = :legal_name:, "industry" = :industry:, "date_established" = :date_established:, "company_size" = :company_size:, "sec_dti_number" = :sec_dti_number:, "tin" = :tin:, "sss_number" = :sss_number:, "philhealth_number" = :philhealth_number:, "pagibig_number" = :pagibig_number:, "business_permit_number" = :business_permit_number:, "rdo_code" = :rdo_code:, "address_line" = :address_line:, "city" = :city:, "province" = :province:, "postal_code" = :postal_code:, "country" = :country:, "phone" = :phone:, "email" = :email:, "website" = :website:, "logo_path" = :logo_path:, "updated_at" = :updated_at:
WHERE "companies"."id" IN :companies.id:', [...], false)
 6 SYSTEMPATH\Model.php(408): CodeIgniter\Database\BaseBuilder->update()
 7 SYSTEMPATH\BaseModel.php(1074): CodeIgniter\Model->doUpdate([...], [...])
 8 SYSTEMPATH\Model.php(711): CodeIgniter\BaseModel->update([...], [...])
 9 APPPATH\Controllers\Companies.php(79): CodeIgniter\Model->update(1, [...])
10 SYSTEMPATH\CodeIgniter.php(974): App\Controllers\Companies->update(1)
11 SYSTEMPATH\CodeIgniter.php(520): CodeIgniter\CodeIgniter->runController(Object(App\Controllers\Companies))
12 SYSTEMPATH\CodeIgniter.php(363): CodeIgniter\CodeIgniter->handleRequest(null, Object(Config\Cache), false)
13 SYSTEMPATH\Boot.php(417): CodeIgniter\CodeIgniter->run()
14 SYSTEMPATH\Boot.php(68): CodeIgniter\Boot::runCodeIgniter(Object(CodeIgniter\CodeIgniter))
15 FCPATH\index.php(59): CodeIgniter\Boot::bootWeb(Object(Config\Paths))
16 SYSTEMPATH\rewrite.php(44): require_once('C:\\Users\\Kenneth Balantucas\\Downloads\\hris-codeigniter4-docker\\hris\\public\\index.php')
INFO - 2026-07-17 06:55:19 --> CSRF token verified.
DEBUG - 2026-07-17 06:55:19 --> Session: Class initialized using 'CodeIgniter\Session\Handlers\FileHandler' driver.
ERROR - 2026-07-17 06:55:19 --> pg_query(): Query failed: ERROR:  invalid input syntax for type date: &quot;&quot;
LINE 1: ...nc.', &quot;industry&quot; = 'Retail', &quot;date_established&quot; = '', &quot;compa...
                                                             ^
in SYSTEMPATH\Database\Postgre\Connection.php on line 200.
 1 SYSTEMPATH\Database\BaseConnection.php(908): CodeIgniter\Database\Postgre\Connection->execute('UPDATE "companies" SET "name" = \'Acme Corps\', "legal_name" = \'Acme Corporation, Inc.\', "industry" = \'Retail\', "date_established" = \'\', "company_size" = \'\', "sec_dti_number" = \'\', "tin" = \'\', "sss_number" = \'\', "philhealth_number" = \'\', "pagibig_number" = \'\', "business_permit_number" = \'\', "rdo_code" = \'\', "address_line" = \'6789 Ayala Avenue\', "city" = \'Makati\', "province" = \'Metro Manila\', "postal_code" = \'\', "country" = \'Philippines\', "phone" = \'+63 2 8123 4567\', "email" = \'hello@acmecorp.ph\', "website" = \'\', "logo_path" = \'uploads/logos/1784271319_cbcac82a48247a935f70.png\', "updated_at" = \'2026-07-17 06:55:19\'
WHERE "companies"."id" IN (1)')
 2 SYSTEMPATH\Database\BaseConnection.php(825): CodeIgniter\Database\BaseConnection->simpleQuery('UPDATE "companies" SET "name" = \'Acme Corps\', "legal_name" = \'Acme Corporation, Inc.\', "industry" = \'Retail\', "date_established" = \'\', "company_size" = \'\', "sec_dti_number" = \'\', "tin" = \'\', "sss_number" = \'\', "philhealth_number" = \'\', "pagibig_number" = \'\', "business_permit_number" = \'\', "rdo_code" = \'\', "address_line" = \'6789 Ayala Avenue\', "city" = \'Makati\', "province" = \'Metro Manila\', "postal_code" = \'\', "country" = \'Philippines\', "phone" = \'+63 2 8123 4567\', "email" = \'hello@acmecorp.ph\', "website" = \'\', "logo_path" = \'uploads/logos/1784271319_cbcac82a48247a935f70.png\', "updated_at" = \'2026-07-17 06:55:19\'
WHERE "companies"."id" IN (1)')
 3 SYSTEMPATH\Database\BaseBuilder.php(2531): CodeIgniter\Database\BaseConnection->query('UPDATE "companies" SET "name" = :name:, "legal_name" = :legal_name:, "industry" = :industry:, "date_established" = :date_established:, "company_size" = :company_size:, "sec_dti_number" = :sec_dti_number:, "tin" = :tin:, "sss_number" = :sss_number:, "philhealth_number" = :philhealth_number:, "pagibig_number" = :pagibig_number:, "business_permit_number" = :business_permit_number:, "rdo_code" = :rdo_code:, "address_line" = :address_line:, "city" = :city:, "province" = :province:, "postal_code" = :postal_code:, "country" = :country:, "phone" = :phone:, "email" = :email:, "website" = :website:, "logo_path" = :logo_path:, "updated_at" = :updated_at:
WHERE "companies"."id" IN :companies.id:', [...], false)
 4 SYSTEMPATH\Model.php(408): CodeIgniter\Database\BaseBuilder->update()
 5 SYSTEMPATH\BaseModel.php(1074): CodeIgniter\Model->doUpdate([...], [...])
 6 SYSTEMPATH\Model.php(711): CodeIgniter\BaseModel->update([...], [...])
 7 APPPATH\Controllers\Companies.php(79): CodeIgniter\Model->update(1, [...])
 8 SYSTEMPATH\CodeIgniter.php(974): App\Controllers\Companies->update(1)
 9 SYSTEMPATH\CodeIgniter.php(520): CodeIgniter\CodeIgniter->runController(Object(App\Controllers\Companies))
10 SYSTEMPATH\CodeIgniter.php(363): CodeIgniter\CodeIgniter->handleRequest(null, Object(Config\Cache), false)
11 SYSTEMPATH\Boot.php(417): CodeIgniter\CodeIgniter->run()
12 SYSTEMPATH\Boot.php(68): CodeIgniter\Boot::runCodeIgniter(Object(CodeIgniter\CodeIgniter))
13 FCPATH\index.php(59): CodeIgniter\Boot::bootWeb(Object(Config\Paths))
14 SYSTEMPATH\rewrite.php(44): require_once('C:\\Users\\Kenneth Balantucas\\Downloads\\hris-codeigniter4-docker\\hris\\public\\index.php')
CRITICAL - 2026-07-17 06:55:19 --> CodeIgniter\Database\Exceptions\DatabaseException: pg_query(): Query failed: ERROR:  invalid input syntax for type date: &quot;&quot;
LINE 1: ...nc.', &quot;industry&quot; = 'Retail', &quot;date_established&quot; = '', &quot;compa...
                                                             ^
[Method: POST, Route: companies/1]
in SYSTEMPATH\Database\BaseConnection.php on line 863.
 1 SYSTEMPATH\Database\BaseBuilder.php(2531): CodeIgniter\Database\BaseConnection->query('UPDATE "companies" SET "name" = :name:, "legal_name" = :legal_name:, "industry" = :industry:, "date_established" = :date_established:, "company_size" = :company_size:, "sec_dti_number" = :sec_dti_number:, "tin" = :tin:, "sss_number" = :sss_number:, "philhealth_number" = :philhealth_number:, "pagibig_number" = :pagibig_number:, "business_permit_number" = :business_permit_number:, "rdo_code" = :rdo_code:, "address_line" = :address_line:, "city" = :city:, "province" = :province:, "postal_code" = :postal_code:, "country" = :country:, "phone" = :phone:, "email" = :email:, "website" = :website:, "logo_path" = :logo_path:, "updated_at" = :updated_at:
WHERE "companies"."id" IN :companies.id:', [...], false)
 2 SYSTEMPATH\Model.php(408): CodeIgniter\Database\BaseBuilder->update()
 3 SYSTEMPATH\BaseModel.php(1074): CodeIgniter\Model->doUpdate([...], [...])
 4 SYSTEMPATH\Model.php(711): CodeIgniter\BaseModel->update([...], [...])
 5 APPPATH\Controllers\Companies.php(79): CodeIgniter\Model->update(1, [...])
 6 SYSTEMPATH\CodeIgniter.php(974): App\Controllers\Companies->update(1)
 7 SYSTEMPATH\CodeIgniter.php(520): CodeIgniter\CodeIgniter->runController(Object(App\Controllers\Companies))
 8 SYSTEMPATH\CodeIgniter.php(363): CodeIgniter\CodeIgniter->handleRequest(null, Object(Config\Cache), false)
 9 SYSTEMPATH\Boot.php(417): CodeIgniter\CodeIgniter->run()
10 SYSTEMPATH\Boot.php(68): CodeIgniter\Boot::runCodeIgniter(Object(CodeIgniter\CodeIgniter))
11 FCPATH\index.php(59): CodeIgniter\Boot::bootWeb(Object(Config\Paths))
12 SYSTEMPATH\rewrite.php(44): require_once('C:\\Users\\Kenneth Balantucas\\Downloads\\hris-codeigniter4-docker\\hris\\public\\index.php')
CRITICAL - 2026-07-17 06:55:19 --> [Caused by] CodeIgniter\Database\Exceptions\DatabaseException: pg_query(): Query failed: ERROR:  invalid input syntax for type date: &quot;&quot;
LINE 1: ...nc.', &quot;industry&quot; = 'Retail', &quot;date_established&quot; = '', &quot;compa...
                                                             ^
in SYSTEMPATH\Database\Postgre\Connection.php on line 212.
 1 SYSTEMPATH\Database\BaseConnection.php(908): CodeIgniter\Database\Postgre\Connection->execute('UPDATE "companies" SET "name" = \'Acme Corps\', "legal_name" = \'Acme Corporation, Inc.\', "industry" = \'Retail\', "date_established" = \'\', "company_size" = \'\', "sec_dti_number" = \'\', "tin" = \'\', "sss_number" = \'\', "philhealth_number" = \'\', "pagibig_number" = \'\', "business_permit_number" = \'\', "rdo_code" = \'\', "address_line" = \'6789 Ayala Avenue\', "city" = \'Makati\', "province" = \'Metro Manila\', "postal_code" = \'\', "country" = \'Philippines\', "phone" = \'+63 2 8123 4567\', "email" = \'hello@acmecorp.ph\', "website" = \'\', "logo_path" = \'uploads/logos/1784271319_cbcac82a48247a935f70.png\', "updated_at" = \'2026-07-17 06:55:19\'
WHERE "companies"."id" IN (1)')
 2 SYSTEMPATH\Database\BaseConnection.php(825): CodeIgniter\Database\BaseConnection->simpleQuery('UPDATE "companies" SET "name" = \'Acme Corps\', "legal_name" = \'Acme Corporation, Inc.\', "industry" = \'Retail\', "date_established" = \'\', "company_size" = \'\', "sec_dti_number" = \'\', "tin" = \'\', "sss_number" = \'\', "philhealth_number" = \'\', "pagibig_number" = \'\', "business_permit_number" = \'\', "rdo_code" = \'\', "address_line" = \'6789 Ayala Avenue\', "city" = \'Makati\', "province" = \'Metro Manila\', "postal_code" = \'\', "country" = \'Philippines\', "phone" = \'+63 2 8123 4567\', "email" = \'hello@acmecorp.ph\', "website" = \'\', "logo_path" = \'uploads/logos/1784271319_cbcac82a48247a935f70.png\', "updated_at" = \'2026-07-17 06:55:19\'
WHERE "companies"."id" IN (1)')
 3 SYSTEMPATH\Database\BaseBuilder.php(2531): CodeIgniter\Database\BaseConnection->query('UPDATE "companies" SET "name" = :name:, "legal_name" = :legal_name:, "industry" = :industry:, "date_established" = :date_established:, "company_size" = :company_size:, "sec_dti_number" = :sec_dti_number:, "tin" = :tin:, "sss_number" = :sss_number:, "philhealth_number" = :philhealth_number:, "pagibig_number" = :pagibig_number:, "business_permit_number" = :business_permit_number:, "rdo_code" = :rdo_code:, "address_line" = :address_line:, "city" = :city:, "province" = :province:, "postal_code" = :postal_code:, "country" = :country:, "phone" = :phone:, "email" = :email:, "website" = :website:, "logo_path" = :logo_path:, "updated_at" = :updated_at:
WHERE "companies"."id" IN :companies.id:', [...], false)
 4 SYSTEMPATH\Model.php(408): CodeIgniter\Database\BaseBuilder->update()
 5 SYSTEMPATH\BaseModel.php(1074): CodeIgniter\Model->doUpdate([...], [...])
 6 SYSTEMPATH\Model.php(711): CodeIgniter\BaseModel->update([...], [...])
 7 APPPATH\Controllers\Companies.php(79): CodeIgniter\Model->update(1, [...])
 8 SYSTEMPATH\CodeIgniter.php(974): App\Controllers\Companies->update(1)
 9 SYSTEMPATH\CodeIgniter.php(520): CodeIgniter\CodeIgniter->runController(Object(App\Controllers\Companies))
10 SYSTEMPATH\CodeIgniter.php(363): CodeIgniter\CodeIgniter->handleRequest(null, Object(Config\Cache), false)
11 SYSTEMPATH\Boot.php(417): CodeIgniter\CodeIgniter->run()
12 SYSTEMPATH\Boot.php(68): CodeIgniter\Boot::runCodeIgniter(Object(CodeIgniter\CodeIgniter))
13 FCPATH\index.php(59): CodeIgniter\Boot::bootWeb(Object(Config\Paths))
14 SYSTEMPATH\rewrite.php(44): require_once('C:\\Users\\Kenneth Balantucas\\Downloads\\hris-codeigniter4-docker\\hris\\public\\index.php')
CRITICAL - 2026-07-17 06:55:19 --> [Caused by] ErrorException: pg_query(): Query failed: ERROR:  invalid input syntax for type date: &quot;&quot;
LINE 1: ...nc.', &quot;industry&quot; = 'Retail', &quot;date_established&quot; = '', &quot;compa...
                                                             ^
in SYSTEMPATH\Database\Postgre\Connection.php on line 200.
 1 [internal function]: CodeIgniter\Debug\Exceptions->errorHandler(2, 'pg_query(): Query failed: ERROR:  invalid input syntax for type date: &quot;&quot;
LINE 1: ...nc.\', &quot;industry&quot; = \'Retail\', &quot;date_established&quot; = \'\', &quot;compa...
                                                             ^', 'C:\\Users\\Kenneth Balantucas\\Downloads\\hris-codeigniter4-docker\\hris\\system\\Database\\Postgre\\Connection.php', 200)
 2 SYSTEMPATH\Database\Postgre\Connection.php(200): pg_query(Object(PgSql\Connection), 'UPDATE "companies" SET "name" = \'Acme Corps\', "legal_name" = \'Acme Corporation, Inc.\', "industry" = \'Retail\', "date_established" = \'\', "company_size" = \'\', "sec_dti_number" = \'\', "tin" = \'\', "sss_number" = \'\', "philhealth_number" = \'\', "pagibig_number" = \'\', "business_permit_number" = \'\', "rdo_code" = \'\', "address_line" = \'6789 Ayala Avenue\', "city" = \'Makati\', "province" = \'Metro Manila\', "postal_code" = \'\', "country" = \'Philippines\', "phone" = \'+63 2 8123 4567\', "email" = \'hello@acmecorp.ph\', "website" = \'\', "logo_path" = \'uploads/logos/1784271319_cbcac82a48247a935f70.png\', "updated_at" = \'2026-07-17 06:55:19\'
WHERE "companies"."id" IN (1)')
 3 SYSTEMPATH\Database\BaseConnection.php(908): CodeIgniter\Database\Postgre\Connection->execute('UPDATE "companies" SET "name" = \'Acme Corps\', "legal_name" = \'Acme Corporation, Inc.\', "industry" = \'Retail\', "date_established" = \'\', "company_size" = \'\', "sec_dti_number" = \'\', "tin" = \'\', "sss_number" = \'\', "philhealth_number" = \'\', "pagibig_number" = \'\', "business_permit_number" = \'\', "rdo_code" = \'\', "address_line" = \'6789 Ayala Avenue\', "city" = \'Makati\', "province" = \'Metro Manila\', "postal_code" = \'\', "country" = \'Philippines\', "phone" = \'+63 2 8123 4567\', "email" = \'hello@acmecorp.ph\', "website" = \'\', "logo_path" = \'uploads/logos/1784271319_cbcac82a48247a935f70.png\', "updated_at" = \'2026-07-17 06:55:19\'
WHERE "companies"."id" IN (1)')
 4 SYSTEMPATH\Database\BaseConnection.php(825): CodeIgniter\Database\BaseConnection->simpleQuery('UPDATE "companies" SET "name" = \'Acme Corps\', "legal_name" = \'Acme Corporation, Inc.\', "industry" = \'Retail\', "date_established" = \'\', "company_size" = \'\', "sec_dti_number" = \'\', "tin" = \'\', "sss_number" = \'\', "philhealth_number" = \'\', "pagibig_number" = \'\', "business_permit_number" = \'\', "rdo_code" = \'\', "address_line" = \'6789 Ayala Avenue\', "city" = \'Makati\', "province" = \'Metro Manila\', "postal_code" = \'\', "country" = \'Philippines\', "phone" = \'+63 2 8123 4567\', "email" = \'hello@acmecorp.ph\', "website" = \'\', "logo_path" = \'uploads/logos/1784271319_cbcac82a48247a935f70.png\', "updated_at" = \'2026-07-17 06:55:19\'
WHERE "companies"."id" IN (1)')
 5 SYSTEMPATH\Database\BaseBuilder.php(2531): CodeIgniter\Database\BaseConnection->query('UPDATE "companies" SET "name" = :name:, "legal_name" = :legal_name:, "industry" = :industry:, "date_established" = :date_established:, "company_size" = :company_size:, "sec_dti_number" = :sec_dti_number:, "tin" = :tin:, "sss_number" = :sss_number:, "philhealth_number" = :philhealth_number:, "pagibig_number" = :pagibig_number:, "business_permit_number" = :business_permit_number:, "rdo_code" = :rdo_code:, "address_line" = :address_line:, "city" = :city:, "province" = :province:, "postal_code" = :postal_code:, "country" = :country:, "phone" = :phone:, "email" = :email:, "website" = :website:, "logo_path" = :logo_path:, "updated_at" = :updated_at:
WHERE "companies"."id" IN :companies.id:', [...], false)
 6 SYSTEMPATH\Model.php(408): CodeIgniter\Database\BaseBuilder->update()
 7 SYSTEMPATH\BaseModel.php(1074): CodeIgniter\Model->doUpdate([...], [...])
 8 SYSTEMPATH\Model.php(711): CodeIgniter\BaseModel->update([...], [...])
 9 APPPATH\Controllers\Companies.php(79): CodeIgniter\Model->update(1, [...])
10 SYSTEMPATH\CodeIgniter.php(974): App\Controllers\Companies->update(1)
11 SYSTEMPATH\CodeIgniter.php(520): CodeIgniter\CodeIgniter->runController(Object(App\Controllers\Companies))
12 SYSTEMPATH\CodeIgniter.php(363): CodeIgniter\CodeIgniter->handleRequest(null, Object(Config\Cache), false)
13 SYSTEMPATH\Boot.php(417): CodeIgniter\CodeIgniter->run()
14 SYSTEMPATH\Boot.php(68): CodeIgniter\Boot::runCodeIgniter(Object(CodeIgniter\CodeIgniter))
15 FCPATH\index.php(59): CodeIgniter\Boot::bootWeb(Object(Config\Paths))
16 SYSTEMPATH\rewrite.php(44): require_once('C:\\Users\\Kenneth Balantucas\\Downloads\\hris-codeigniter4-docker\\hris\\public\\index.php')
DEBUG - 2026-07-17 06:55:22 --> Session: Class initialized using 'CodeIgniter\Session\Handlers\FileHandler' driver.
DEBUG - 2026-07-17 06:55:23 --> Session: Class initialized using 'CodeIgniter\Session\Handlers\FileHandler' driver.
DEBUG - 2026-07-17 06:55:24 --> Session: Class initialized using 'CodeIgniter\Session\Handlers\FileHandler' driver.
DEBUG - 2026-07-17 06:55:25 --> Session: Class initialized using 'CodeIgniter\Session\Handlers\FileHandler' driver.
INFO - 2026-07-17 06:55:34 --> CSRF token verified.
DEBUG - 2026-07-17 06:55:34 --> Session: Class initialized using 'CodeIgniter\Session\Handlers\FileHandler' driver.
ERROR - 2026-07-17 06:55:34 --> pg_query(): Query failed: ERROR:  invalid input syntax for type date: &quot;&quot;
LINE 1: ...nc.', &quot;industry&quot; = 'Retail', &quot;date_established&quot; = '', &quot;compa...
                                                             ^
in SYSTEMPATH\Database\Postgre\Connection.php on line 200.
 1 SYSTEMPATH\Database\BaseConnection.php(908): CodeIgniter\Database\Postgre\Connection->execute('UPDATE "companies" SET "name" = \'Acme Corps\', "legal_name" = \'Acme Corporation, Inc.\', "industry" = \'Retail\', "date_established" = \'\', "company_size" = \'\', "sec_dti_number" = \'\', "tin" = \'\', "sss_number" = \'\', "philhealth_number" = \'\', "pagibig_number" = \'\', "business_permit_number" = \'\', "rdo_code" = \'\', "address_line" = \'6789 Ayala Avenue\', "city" = \'Makati\', "province" = \'Metro Manila\', "postal_code" = \'\', "country" = \'Philippines\', "phone" = \'+63 2 8123 4567\', "email" = \'hello@acmecorp.ph\', "website" = \'\', "logo_path" = \'uploads/logos/1784271334_6206630e2357af5f5498.png\', "updated_at" = \'2026-07-17 06:55:34\'
WHERE "companies"."id" IN (1)')
 2 SYSTEMPATH\Database\BaseConnection.php(825): CodeIgniter\Database\BaseConnection->simpleQuery('UPDATE "companies" SET "name" = \'Acme Corps\', "legal_name" = \'Acme Corporation, Inc.\', "industry" = \'Retail\', "date_established" = \'\', "company_size" = \'\', "sec_dti_number" = \'\', "tin" = \'\', "sss_number" = \'\', "philhealth_number" = \'\', "pagibig_number" = \'\', "business_permit_number" = \'\', "rdo_code" = \'\', "address_line" = \'6789 Ayala Avenue\', "city" = \'Makati\', "province" = \'Metro Manila\', "postal_code" = \'\', "country" = \'Philippines\', "phone" = \'+63 2 8123 4567\', "email" = \'hello@acmecorp.ph\', "website" = \'\', "logo_path" = \'uploads/logos/1784271334_6206630e2357af5f5498.png\', "updated_at" = \'2026-07-17 06:55:34\'
WHERE "companies"."id" IN (1)')
 3 SYSTEMPATH\Database\BaseBuilder.php(2531): CodeIgniter\Database\BaseConnection->query('UPDATE "companies" SET "name" = :name:, "legal_name" = :legal_name:, "industry" = :industry:, "date_established" = :date_established:, "company_size" = :company_size:, "sec_dti_number" = :sec_dti_number:, "tin" = :tin:, "sss_number" = :sss_number:, "philhealth_number" = :philhealth_number:, "pagibig_number" = :pagibig_number:, "business_permit_number" = :business_permit_number:, "rdo_code" = :rdo_code:, "address_line" = :address_line:, "city" = :city:, "province" = :province:, "postal_code" = :postal_code:, "country" = :country:, "phone" = :phone:, "email" = :email:, "website" = :website:, "logo_path" = :logo_path:, "updated_at" = :updated_at:
WHERE "companies"."id" IN :companies.id:', [...], false)
 4 SYSTEMPATH\Model.php(408): CodeIgniter\Database\BaseBuilder->update()
 5 SYSTEMPATH\BaseModel.php(1074): CodeIgniter\Model->doUpdate([...], [...])
 6 SYSTEMPATH\Model.php(711): CodeIgniter\BaseModel->update([...], [...])
 7 APPPATH\Controllers\Companies.php(79): CodeIgniter\Model->update(1, [...])
 8 SYSTEMPATH\CodeIgniter.php(974): App\Controllers\Companies->update(1)
 9 SYSTEMPATH\CodeIgniter.php(520): CodeIgniter\CodeIgniter->runController(Object(App\Controllers\Companies))
10 SYSTEMPATH\CodeIgniter.php(363): CodeIgniter\CodeIgniter->handleRequest(null, Object(Config\Cache), false)
11 SYSTEMPATH\Boot.php(417): CodeIgniter\CodeIgniter->run()
12 SYSTEMPATH\Boot.php(68): CodeIgniter\Boot::runCodeIgniter(Object(CodeIgniter\CodeIgniter))
13 FCPATH\index.php(59): CodeIgniter\Boot::bootWeb(Object(Config\Paths))
14 SYSTEMPATH\rewrite.php(44): require_once('C:\\Users\\Kenneth Balantucas\\Downloads\\hris-codeigniter4-docker\\hris\\public\\index.php')
CRITICAL - 2026-07-17 06:55:34 --> CodeIgniter\Database\Exceptions\DatabaseException: pg_query(): Query failed: ERROR:  invalid input syntax for type date: &quot;&quot;
LINE 1: ...nc.', &quot;industry&quot; = 'Retail', &quot;date_established&quot; = '', &quot;compa...
                                                             ^
[Method: POST, Route: companies/1]
in SYSTEMPATH\Database\BaseConnection.php on line 863.
 1 SYSTEMPATH\Database\BaseBuilder.php(2531): CodeIgniter\Database\BaseConnection->query('UPDATE "companies" SET "name" = :name:, "legal_name" = :legal_name:, "industry" = :industry:, "date_established" = :date_established:, "company_size" = :company_size:, "sec_dti_number" = :sec_dti_number:, "tin" = :tin:, "sss_number" = :sss_number:, "philhealth_number" = :philhealth_number:, "pagibig_number" = :pagibig_number:, "business_permit_number" = :business_permit_number:, "rdo_code" = :rdo_code:, "address_line" = :address_line:, "city" = :city:, "province" = :province:, "postal_code" = :postal_code:, "country" = :country:, "phone" = :phone:, "email" = :email:, "website" = :website:, "logo_path" = :logo_path:, "updated_at" = :updated_at:
WHERE "companies"."id" IN :companies.id:', [...], false)
 2 SYSTEMPATH\Model.php(408): CodeIgniter\Database\BaseBuilder->update()
 3 SYSTEMPATH\BaseModel.php(1074): CodeIgniter\Model->doUpdate([...], [...])
 4 SYSTEMPATH\Model.php(711): CodeIgniter\BaseModel->update([...], [...])
 5 APPPATH\Controllers\Companies.php(79): CodeIgniter\Model->update(1, [...])
 6 SYSTEMPATH\CodeIgniter.php(974): App\Controllers\Companies->update(1)
 7 SYSTEMPATH\CodeIgniter.php(520): CodeIgniter\CodeIgniter->runController(Object(App\Controllers\Companies))
 8 SYSTEMPATH\CodeIgniter.php(363): CodeIgniter\CodeIgniter->handleRequest(null, Object(Config\Cache), false)
 9 SYSTEMPATH\Boot.php(417): CodeIgniter\CodeIgniter->run()
10 SYSTEMPATH\Boot.php(68): CodeIgniter\Boot::runCodeIgniter(Object(CodeIgniter\CodeIgniter))
11 FCPATH\index.php(59): CodeIgniter\Boot::bootWeb(Object(Config\Paths))
12 SYSTEMPATH\rewrite.php(44): require_once('C:\\Users\\Kenneth Balantucas\\Downloads\\hris-codeigniter4-docker\\hris\\public\\index.php')
CRITICAL - 2026-07-17 06:55:34 --> [Caused by] CodeIgniter\Database\Exceptions\DatabaseException: pg_query(): Query failed: ERROR:  invalid input syntax for type date: &quot;&quot;
LINE 1: ...nc.', &quot;industry&quot; = 'Retail', &quot;date_established&quot; = '', &quot;compa...
                                                             ^
in SYSTEMPATH\Database\Postgre\Connection.php on line 212.
 1 SYSTEMPATH\Database\BaseConnection.php(908): CodeIgniter\Database\Postgre\Connection->execute('UPDATE "companies" SET "name" = \'Acme Corps\', "legal_name" = \'Acme Corporation, Inc.\', "industry" = \'Retail\', "date_established" = \'\', "company_size" = \'\', "sec_dti_number" = \'\', "tin" = \'\', "sss_number" = \'\', "philhealth_number" = \'\', "pagibig_number" = \'\', "business_permit_number" = \'\', "rdo_code" = \'\', "address_line" = \'6789 Ayala Avenue\', "city" = \'Makati\', "province" = \'Metro Manila\', "postal_code" = \'\', "country" = \'Philippines\', "phone" = \'+63 2 8123 4567\', "email" = \'hello@acmecorp.ph\', "website" = \'\', "logo_path" = \'uploads/logos/1784271334_6206630e2357af5f5498.png\', "updated_at" = \'2026-07-17 06:55:34\'
WHERE "companies"."id" IN (1)')
 2 SYSTEMPATH\Database\BaseConnection.php(825): CodeIgniter\Database\BaseConnection->simpleQuery('UPDATE "companies" SET "name" = \'Acme Corps\', "legal_name" = \'Acme Corporation, Inc.\', "industry" = \'Retail\', "date_established" = \'\', "company_size" = \'\', "sec_dti_number" = \'\', "tin" = \'\', "sss_number" = \'\', "philhealth_number" = \'\', "pagibig_number" = \'\', "business_permit_number" = \'\', "rdo_code" = \'\', "address_line" = \'6789 Ayala Avenue\', "city" = \'Makati\', "province" = \'Metro Manila\', "postal_code" = \'\', "country" = \'Philippines\', "phone" = \'+63 2 8123 4567\', "email" = \'hello@acmecorp.ph\', "website" = \'\', "logo_path" = \'uploads/logos/1784271334_6206630e2357af5f5498.png\', "updated_at" = \'2026-07-17 06:55:34\'
WHERE "companies"."id" IN (1)')
 3 SYSTEMPATH\Database\BaseBuilder.php(2531): CodeIgniter\Database\BaseConnection->query('UPDATE "companies" SET "name" = :name:, "legal_name" = :legal_name:, "industry" = :industry:, "date_established" = :date_established:, "company_size" = :company_size:, "sec_dti_number" = :sec_dti_number:, "tin" = :tin:, "sss_number" = :sss_number:, "philhealth_number" = :philhealth_number:, "pagibig_number" = :pagibig_number:, "business_permit_number" = :business_permit_number:, "rdo_code" = :rdo_code:, "address_line" = :address_line:, "city" = :city:, "province" = :province:, "postal_code" = :postal_code:, "country" = :country:, "phone" = :phone:, "email" = :email:, "website" = :website:, "logo_path" = :logo_path:, "updated_at" = :updated_at:
WHERE "companies"."id" IN :companies.id:', [...], false)
 4 SYSTEMPATH\Model.php(408): CodeIgniter\Database\BaseBuilder->update()
 5 SYSTEMPATH\BaseModel.php(1074): CodeIgniter\Model->doUpdate([...], [...])
 6 SYSTEMPATH\Model.php(711): CodeIgniter\BaseModel->update([...], [...])
 7 APPPATH\Controllers\Companies.php(79): CodeIgniter\Model->update(1, [...])
 8 SYSTEMPATH\CodeIgniter.php(974): App\Controllers\Companies->update(1)
 9 SYSTEMPATH\CodeIgniter.php(520): CodeIgniter\CodeIgniter->runController(Object(App\Controllers\Companies))
10 SYSTEMPATH\CodeIgniter.php(363): CodeIgniter\CodeIgniter->handleRequest(null, Object(Config\Cache), false)
11 SYSTEMPATH\Boot.php(417): CodeIgniter\CodeIgniter->run()
12 SYSTEMPATH\Boot.php(68): CodeIgniter\Boot::runCodeIgniter(Object(CodeIgniter\CodeIgniter))
13 FCPATH\index.php(59): CodeIgniter\Boot::bootWeb(Object(Config\Paths))
14 SYSTEMPATH\rewrite.php(44): require_once('C:\\Users\\Kenneth Balantucas\\Downloads\\hris-codeigniter4-docker\\hris\\public\\index.php')
CRITICAL - 2026-07-17 06:55:34 --> [Caused by] ErrorException: pg_query(): Query failed: ERROR:  invalid input syntax for type date: &quot;&quot;
LINE 1: ...nc.', &quot;industry&quot; = 'Retail', &quot;date_established&quot; = '', &quot;compa...
                                                             ^
in SYSTEMPATH\Database\Postgre\Connection.php on line 200.
 1 [internal function]: CodeIgniter\Debug\Exceptions->errorHandler(2, 'pg_query(): Query failed: ERROR:  invalid input syntax for type date: &quot;&quot;
LINE 1: ...nc.\', &quot;industry&quot; = \'Retail\', &quot;date_established&quot; = \'\', &quot;compa...
                                                             ^', 'C:\\Users\\Kenneth Balantucas\\Downloads\\hris-codeigniter4-docker\\hris\\system\\Database\\Postgre\\Connection.php', 200)
 2 SYSTEMPATH\Database\Postgre\Connection.php(200): pg_query(Object(PgSql\Connection), 'UPDATE "companies" SET "name" = \'Acme Corps\', "legal_name" = \'Acme Corporation, Inc.\', "industry" = \'Retail\', "date_established" = \'\', "company_size" = \'\', "sec_dti_number" = \'\', "tin" = \'\', "sss_number" = \'\', "philhealth_number" = \'\', "pagibig_number" = \'\', "business_permit_number" = \'\', "rdo_code" = \'\', "address_line" = \'6789 Ayala Avenue\', "city" = \'Makati\', "province" = \'Metro Manila\', "postal_code" = \'\', "country" = \'Philippines\', "phone" = \'+63 2 8123 4567\', "email" = \'hello@acmecorp.ph\', "website" = \'\', "logo_path" = \'uploads/logos/1784271334_6206630e2357af5f5498.png\', "updated_at" = \'2026-07-17 06:55:34\'
WHERE "companies"."id" IN (1)')
 3 SYSTEMPATH\Database\BaseConnection.php(908): CodeIgniter\Database\Postgre\Connection->execute('UPDATE "companies" SET "name" = \'Acme Corps\', "legal_name" = \'Acme Corporation, Inc.\', "industry" = \'Retail\', "date_established" = \'\', "company_size" = \'\', "sec_dti_number" = \'\', "tin" = \'\', "sss_number" = \'\', "philhealth_number" = \'\', "pagibig_number" = \'\', "business_permit_number" = \'\', "rdo_code" = \'\', "address_line" = \'6789 Ayala Avenue\', "city" = \'Makati\', "province" = \'Metro Manila\', "postal_code" = \'\', "country" = \'Philippines\', "phone" = \'+63 2 8123 4567\', "email" = \'hello@acmecorp.ph\', "website" = \'\', "logo_path" = \'uploads/logos/1784271334_6206630e2357af5f5498.png\', "updated_at" = \'2026-07-17 06:55:34\'
WHERE "companies"."id" IN (1)')
 4 SYSTEMPATH\Database\BaseConnection.php(825): CodeIgniter\Database\BaseConnection->simpleQuery('UPDATE "companies" SET "name" = \'Acme Corps\', "legal_name" = \'Acme Corporation, Inc.\', "industry" = \'Retail\', "date_established" = \'\', "company_size" = \'\', "sec_dti_number" = \'\', "tin" = \'\', "sss_number" = \'\', "philhealth_number" = \'\', "pagibig_number" = \'\', "business_permit_number" = \'\', "rdo_code" = \'\', "address_line" = \'6789 Ayala Avenue\', "city" = \'Makati\', "province" = \'Metro Manila\', "postal_code" = \'\', "country" = \'Philippines\', "phone" = \'+63 2 8123 4567\', "email" = \'hello@acmecorp.ph\', "website" = \'\', "logo_path" = \'uploads/logos/1784271334_6206630e2357af5f5498.png\', "updated_at" = \'2026-07-17 06:55:34\'
WHERE "companies"."id" IN (1)')
 5 SYSTEMPATH\Database\BaseBuilder.php(2531): CodeIgniter\Database\BaseConnection->query('UPDATE "companies" SET "name" = :name:, "legal_name" = :legal_name:, "industry" = :industry:, "date_established" = :date_established:, "company_size" = :company_size:, "sec_dti_number" = :sec_dti_number:, "tin" = :tin:, "sss_number" = :sss_number:, "philhealth_number" = :philhealth_number:, "pagibig_number" = :pagibig_number:, "business_permit_number" = :business_permit_number:, "rdo_code" = :rdo_code:, "address_line" = :address_line:, "city" = :city:, "province" = :province:, "postal_code" = :postal_code:, "country" = :country:, "phone" = :phone:, "email" = :email:, "website" = :website:, "logo_path" = :logo_path:, "updated_at" = :updated_at:
WHERE "companies"."id" IN :companies.id:', [...], false)
 6 SYSTEMPATH\Model.php(408): CodeIgniter\Database\BaseBuilder->update()
 7 SYSTEMPATH\BaseModel.php(1074): CodeIgniter\Model->doUpdate([...], [...])
 8 SYSTEMPATH\Model.php(711): CodeIgniter\BaseModel->update([...], [...])
 9 APPPATH\Controllers\Companies.php(79): CodeIgniter\Model->update(1, [...])
10 SYSTEMPATH\CodeIgniter.php(974): App\Controllers\Companies->update(1)
11 SYSTEMPATH\CodeIgniter.php(520): CodeIgniter\CodeIgniter->runController(Object(App\Controllers\Companies))
12 SYSTEMPATH\CodeIgniter.php(363): CodeIgniter\CodeIgniter->handleRequest(null, Object(Config\Cache), false)
13 SYSTEMPATH\Boot.php(417): CodeIgniter\CodeIgniter->run()
14 SYSTEMPATH\Boot.php(68): CodeIgniter\Boot::runCodeIgniter(Object(CodeIgniter\CodeIgniter))
15 FCPATH\index.php(59): CodeIgniter\Boot::bootWeb(Object(Config\Paths))
16 SYSTEMPATH\rewrite.php(44): require_once('C:\\Users\\Kenneth Balantucas\\Downloads\\hris-codeigniter4-docker\\hris\\public\\index.php')
DEBUG - 2026-07-17 07:08:42 --> Session: Class initialized using 'CodeIgniter\Session\Handlers\FileHandler' driver.
INFO - 2026-07-17 07:08:53 --> CSRF token verified.
DEBUG - 2026-07-17 07:08:53 --> Session: Class initialized using 'CodeIgniter\Session\Handlers\FileHandler' driver.
DEBUG - 2026-07-17 07:08:53 --> Session: Class initialized using 'CodeIgniter\Session\Handlers\FileHandler' driver.
DEBUG - 2026-07-17 07:08:57 --> Session: Class initialized using 'CodeIgniter\Session\Handlers\FileHandler' driver.
DEBUG - 2026-07-17 07:09:06 --> Session: Class initialized using 'CodeIgniter\Session\Handlers\FileHandler' driver.
DEBUG - 2026-07-17 07:09:08 --> Session: Class initialized using 'CodeIgniter\Session\Handlers\FileHandler' driver.
INFO - 2026-07-17 07:09:10 --> CSRF token verified.
DEBUG - 2026-07-17 07:09:10 --> Session: Class initialized using 'CodeIgniter\Session\Handlers\FileHandler' driver.
DEBUG - 2026-07-17 07:09:10 --> Session: Class initialized using 'CodeIgniter\Session\Handlers\FileHandler' driver.
DEBUG - 2026-07-17 07:09:15 --> Session: Class initialized using 'CodeIgniter\Session\Handlers\FileHandler' driver.
DEBUG - 2026-07-17 07:13:50 --> Session: Class initialized using 'CodeIgniter\Session\Handlers\FileHandler' driver.
DEBUG - 2026-07-17 07:13:59 --> Session: Class initialized using 'CodeIgniter\Session\Handlers\FileHandler' driver.
DEBUG - 2026-07-17 07:14:00 --> Session: Class initialized using 'CodeIgniter\Session\Handlers\FileHandler' driver.
DEBUG - 2026-07-17 07:14:02 --> Session: Class initialized using 'CodeIgniter\Session\Handlers\FileHandler' driver.
DEBUG - 2026-07-17 07:14:52 --> Session: Class initialized using 'CodeIgniter\Session\Handlers\FileHandler' driver.
INFO - 2026-07-17 07:14:53 --> CSRF token verified.
DEBUG - 2026-07-17 07:14:53 --> Session: Class initialized using 'CodeIgniter\Session\Handlers\FileHandler' driver.
DEBUG - 2026-07-17 07:14:53 --> Session: Class initialized using 'CodeIgniter\Session\Handlers\FileHandler' driver.
DEBUG - 2026-07-17 07:14:57 --> Session: Class initialized using 'CodeIgniter\Session\Handlers\FileHandler' driver.
DEBUG - 2026-07-17 07:14:58 --> Session: Class initialized using 'CodeIgniter\Session\Handlers\FileHandler' driver.
DEBUG - 2026-07-17 07:14:59 --> Session: Class initialized using 'CodeIgniter\Session\Handlers\FileHandler' driver.
DEBUG - 2026-07-17 07:22:08 --> Session: Class initialized using 'CodeIgniter\Session\Handlers\FileHandler' driver.
INFO - 2026-07-17 07:22:38 --> CSRF token verified.
DEBUG - 2026-07-17 07:22:38 --> Session: Class initialized using 'CodeIgniter\Session\Handlers\FileHandler' driver.
DEBUG - 2026-07-17 07:22:38 --> Session: Class initialized using 'CodeIgniter\Session\Handlers\FileHandler' driver.
DEBUG - 2026-07-17 07:22:44 --> Session: Class initialized using 'CodeIgniter\Session\Handlers\FileHandler' driver.
INFO - 2026-07-17 07:22:56 --> CSRF token verified.
DEBUG - 2026-07-17 07:22:56 --> Session: Class initialized using 'CodeIgniter\Session\Handlers\FileHandler' driver.
DEBUG - 2026-07-17 07:22:56 --> Session: Class initialized using 'CodeIgniter\Session\Handlers\FileHandler' driver.
DEBUG - 2026-07-17 07:23:01 --> Session: Class initialized using 'CodeIgniter\Session\Handlers\FileHandler' driver.
DEBUG - 2026-07-17 07:23:03 --> Session: Class initialized using 'CodeIgniter\Session\Handlers\FileHandler' driver.
DEBUG - 2026-07-17 07:23:04 --> Session: Class initialized using 'CodeIgniter\Session\Handlers\FileHandler' driver.
DEBUG - 2026-07-17 07:23:08 --> Session: Class initialized using 'CodeIgniter\Session\Handlers\FileHandler' driver.
DEBUG - 2026-07-17 07:23:17 --> Session: Class initialized using 'CodeIgniter\Session\Handlers\FileHandler' driver.
DEBUG - 2026-07-17 07:23:21 --> Session: Class initialized using 'CodeIgniter\Session\Handlers\FileHandler' driver.
DEBUG - 2026-07-17 07:24:00 --> Session: Class initialized using 'CodeIgniter\Session\Handlers\FileHandler' driver.
DEBUG - 2026-07-17 07:24:05 --> Session: Class initialized using 'CodeIgniter\Session\Handlers\FileHandler' driver.
DEBUG - 2026-07-17 07:24:08 --> Session: Class initialized using 'CodeIgniter\Session\Handlers\FileHandler' driver.
DEBUG - 2026-07-17 07:24:11 --> Session: Class initialized using 'CodeIgniter\Session\Handlers\FileHandler' driver.
DEBUG - 2026-07-17 07:24:12 --> Session: Class initialized using 'CodeIgniter\Session\Handlers\FileHandler' driver.
DEBUG - 2026-07-17 07:24:13 --> Session: Class initialized using 'CodeIgniter\Session\Handlers\FileHandler' driver.
DEBUG - 2026-07-17 07:24:14 --> Session: Class initialized using 'CodeIgniter\Session\Handlers\FileHandler' driver.
DEBUG - 2026-07-17 07:24:15 --> Session: Class initialized using 'CodeIgniter\Session\Handlers\FileHandler' driver.
DEBUG - 2026-07-17 07:24:16 --> Session: Class initialized using 'CodeIgniter\Session\Handlers\FileHandler' driver.
DEBUG - 2026-07-17 07:24:17 --> Session: Class initialized using 'CodeIgniter\Session\Handlers\FileHandler' driver.
DEBUG - 2026-07-17 07:24:17 --> Session: Class initialized using 'CodeIgniter\Session\Handlers\FileHandler' driver.
DEBUG - 2026-07-17 07:24:29 --> Session: Class initialized using 'CodeIgniter\Session\Handlers\FileHandler' driver.
DEBUG - 2026-07-17 07:24:37 --> Session: Class initialized using 'CodeIgniter\Session\Handlers\FileHandler' driver.
DEBUG - 2026-07-17 07:34:24 --> Session: Class initialized using 'CodeIgniter\Session\Handlers\FileHandler' driver.
DEBUG - 2026-07-17 07:34:28 --> Session: Class initialized using 'CodeIgniter\Session\Handlers\FileHandler' driver.
DEBUG - 2026-07-17 07:34:30 --> Session: Class initialized using 'CodeIgniter\Session\Handlers\FileHandler' driver.
CRITICAL - 2026-07-17 07:34:30 --> Error: Class "App\Models\PositionModel" not found
[Method: GET, Route: companies/1/organization]
in APPPATH\Controllers\Companies.php on line 46.
 1 SYSTEMPATH\CodeIgniter.php(974): App\Controllers\Companies->organization(1)
 2 SYSTEMPATH\CodeIgniter.php(520): CodeIgniter\CodeIgniter->runController(Object(App\Controllers\Companies))
 3 SYSTEMPATH\CodeIgniter.php(363): CodeIgniter\CodeIgniter->handleRequest(null, Object(Config\Cache), false)
 4 SYSTEMPATH\Boot.php(417): CodeIgniter\CodeIgniter->run()
 5 SYSTEMPATH\Boot.php(68): CodeIgniter\Boot::runCodeIgniter(Object(CodeIgniter\CodeIgniter))
 6 FCPATH\index.php(59): CodeIgniter\Boot::bootWeb(Object(Config\Paths))
 7 SYSTEMPATH\rewrite.php(44): require_once('C:\\Users\\Kenneth Balantucas\\Downloads\\hris-codeigniter4-docker\\hris\\public\\index.php')
DEBUG - 2026-07-17 07:36:40 --> Session: Class initialized using 'CodeIgniter\Session\Handlers\FileHandler' driver.
DEBUG - 2026-07-17 07:36:57 --> Session: Class initialized using 'CodeIgniter\Session\Handlers\FileHandler' driver.
DEBUG - 2026-07-17 07:36:58 --> Session: Class initialized using 'CodeIgniter\Session\Handlers\FileHandler' driver.
INFO - 2026-07-17 07:38:34 --> CSRF token verified.
DEBUG - 2026-07-17 07:38:34 --> Session: Class initialized using 'CodeIgniter\Session\Handlers\FileHandler' driver.
DEBUG - 2026-07-17 07:38:35 --> Session: Class initialized using 'CodeIgniter\Session\Handlers\FileHandler' driver.
